Using pre-set license
Built from '2021.3/staging' branch; Version is '2021.3.15f1 (e8e88683f834) revision 15263878'; Using compiler version '192829333'; Build Type 'Release'
OS: 'Windows 10  (10.0.19045) 64bit Core' Language: 'ru' Physical Memory: 16085 MB
BatchMode: 1, IsHumanControllingUs: 0, StartBugReporterOnCrash: 0, Is64bit: 1, IsPro: 1

COMMAND LINE ARGUMENTS:
C:\Program Files\Unity\Hub\Editor\2021.3.15f1\Editor\Unity.exe
-adb2
-batchMode
-noUpm
-name
AssetImportWorker1
-projectPath
C:/Users/Polina/Documents/GitHub/IKEA/IKEA
-logFile
Logs/AssetImportWorker1.log
-srvPort
49158
Successfully changed project path to: C:/Users/Polina/Documents/GitHub/IKEA/IKEA
C:/Users/Polina/Documents/GitHub/IKEA/IKEA
[UnityMemory] Configuration Parameters - Can be set up in boot.config
    "memorysetup-bucket-allocator-granularity=16"
    "memorysetup-bucket-allocator-bucket-count=8"
    "memorysetup-bucket-allocator-block-size=33554432"
    "memorysetup-bucket-allocator-block-count=8"
    "memorysetup-main-allocator-block-size=16777216"
    "memorysetup-thread-allocator-block-size=16777216"
    "memorysetup-gfx-main-allocator-block-size=16777216"
    "memorysetup-gfx-thread-allocator-block-size=16777216"
    "memorysetup-cache-allocator-block-size=4194304"
    "memorysetup-typetree-allocator-block-size=2097152"
    "memorysetup-profiler-bucket-allocator-granularity=16"
    "memorysetup-profiler-bucket-allocator-bucket-count=8"
    "memorysetup-profiler-bucket-allocator-block-size=33554432"
    "memorysetup-profiler-bucket-allocator-block-count=8"
    "memorysetup-profiler-allocator-block-size=16777216"
    "memorysetup-profiler-editor-allocator-block-size=1048576"
    "memorysetup-temp-allocator-size-main=16777216"
    "memorysetup-job-temp-allocator-block-size=2097152"
    "memorysetup-job-temp-allocator-block-size-background=1048576"
    "memorysetup-job-temp-allocator-reduction-small-platforms=262144"
    "memorysetup-temp-allocator-size-background-worker=32768"
    "memorysetup-temp-allocator-size-job-worker=262144"
    "memorysetup-temp-allocator-size-preload-manager=33554432"
    "memorysetup-temp-allocator-size-nav-mesh-worker=65536"
    "memorysetup-temp-allocator-size-audio-worker=65536"
    "memorysetup-temp-allocator-size-cloud-worker=32768"
    "memorysetup-temp-allocator-size-gi-baking-worker=262144"
    "memorysetup-temp-allocator-size-gfx=262144"
Player connection [32712] Host "[IP] 192.168.5.103 [Port] 0 [Flags] 2 [Guid] 2975118849 [EditorId] 2975118849 [Version] 1048832 [Id] WindowsEditor(7,DESKTOP-ASKKFVB) [Debug] 1 [PackageName] WindowsEditor [ProjectName] Editor" joined multi-casting on [225.0.0.222:54997]...

Player connection [32712] Host "[IP] 192.168.5.103 [Port] 0 [Flags] 2 [Guid] 2975118849 [EditorId] 2975118849 [Version] 1048832 [Id] WindowsEditor(7,DESKTOP-ASKKFVB) [Debug] 1 [PackageName] WindowsEditor [ProjectName] Editor" joined alternative multi-casting on [225.0.0.222:34997]...

Refreshing native plugins compatible for Editor in 105.05 ms, found 3 plugins.
Preloading 0 native plugins for Editor in 0.00 ms.
Initialize engine version: 2021.3.15f1 (e8e88683f834)
[Subsystems] Discovering subsystems at path C:/Program Files/Unity/Hub/Editor/2021.3.15f1/Editor/Data/Resources/UnitySubsystems
[Subsystems] Discovering subsystems at path C:/Users/Polina/Documents/GitHub/IKEA/IKEA/Assets
GfxDevice: creating device client; threaded=0; jobified=0
Direct3D:
    Version:  Direct3D 11.0 [level 11.1]
    Renderer: NVIDIA GeForce RTX 3050 Laptop GPU (ID=0x25a2)
    Vendor:   NVIDIA
    VRAM:     3979 MB
    Driver:   31.0.15.2756
Initialize mono
Mono path[0] = 'C:/Program Files/Unity/Hub/Editor/2021.3.15f1/Editor/Data/Managed'
Mono path[1] = 'C:/Program Files/Unity/Hub/Editor/2021.3.15f1/Editor/Data/MonoBleedingEdge/lib/mono/unityjit-win32'
Mono config path = 'C:/Program Files/Unity/Hub/Editor/2021.3.15f1/Editor/Data/MonoBleedingEdge/etc'
Using monoOptions --debugger-agent=transport=dt_socket,embedding=1,server=y,suspend=n,address=127.0.0.1:56380
Begin MonoManager ReloadAssembly
Registering precompiled unity dll's ...
Register platform support module: C:/Program Files/Unity/Hub/Editor/2021.3.15f1/Editor/Data/PlaybackEngines/AndroidPlayer/UnityEditor.Android.Extensions.dll
Register platform support module: C:/Program Files/Unity/Hub/Editor/2021.3.15f1/Editor/Data/PlaybackEngines/WindowsStandaloneSupport/UnityEditor.WindowsStandalone.Extensions.dll
Registered in 0.011536 seconds.
Native extension for WindowsStandalone target not found
Native extension for Android target not found
Refreshing native plugins compatible for Editor in 90.50 ms, found 3 plugins.
Preloading 0 native plugins for Editor in 0.00 ms.
Mono: successfully reloaded assembly
- Completed reload, in  0.818 seconds
Domain Reload Profiling:
	ReloadAssembly (819ms)
		BeginReloadAssembly (123ms)
			ExecutionOrderSort (0ms)
			DisableScriptedObjects (0ms)
			BackupInstance (0ms)
			ReleaseScriptingObjects (0ms)
			CreateAndSetChildDomain (1ms)
		EndReloadAssembly (562ms)
			LoadAssemblies (122ms)
			RebuildTransferFunctionScriptingTraits (0ms)
			SetupTypeCache (127ms)
			ReleaseScriptCaches (0ms)
			RebuildScriptCaches (35ms)
			SetupLoadedEditorAssemblies (338ms)
				LogAssemblyErrors (0ms)
				InitializePlatformSupportModulesInManaged (69ms)
				SetLoadedEditorAssemblies (0ms)
				RefreshPlugins (91ms)
				BeforeProcessingInitializeOnLoad (2ms)
				ProcessInitializeOnLoadAttributes (121ms)
				ProcessInitializeOnLoadMethodAttributes (56ms)
				AfterProcessingInitializeOnLoad (0ms)
				EditorAssembliesLoaded (0ms)
			ExecutionOrderSort2 (0ms)
			AwakeInstancesAfterBackupRestoration (0ms)
Platform modules already initialized, skipping
Registering precompiled user dll's ...
Registered in 0.013873 seconds.
Begin MonoManager ReloadAssembly
Symbol file LoadedFromMemory doesn't match image C:\Users\Polina\Documents\GitHub\IKEA\IKEA\Library\PackageCache\com.unity.visualscripting@1.7.8\Editor\VisualScripting.Core\Dependencies\YamlDotNet\Unity.VisualScripting.YamlDotNet.dll
Symbol file LoadedFromMemory doesn't match image C:\Users\Polina\Documents\GitHub\IKEA\IKEA\Library\PackageCache\com.unity.visualscripting@1.7.8\Editor\VisualScripting.Core\Dependencies\DotNetZip\Unity.VisualScripting.IonicZip.dll
Native extension for WindowsStandalone target not found
Native extension for Android target not found
Refreshing native plugins compatible for Editor in 90.44 ms, found 3 plugins.
Preloading 0 native plugins for Editor in 0.00 ms.
Mono: successfully reloaded assembly
- Completed reload, in  1.549 seconds
Domain Reload Profiling:
	ReloadAssembly (1550ms)
		BeginReloadAssembly (243ms)
			ExecutionOrderSort (0ms)
			DisableScriptedObjects (8ms)
			BackupInstance (0ms)
			ReleaseScriptingObjects (0ms)
			CreateAndSetChildDomain (125ms)
		EndReloadAssembly (1167ms)
			LoadAssemblies (150ms)
			RebuildTransferFunctionScriptingTraits (0ms)
			SetupTypeCache (318ms)
			ReleaseScriptCaches (1ms)
			RebuildScriptCaches (62ms)
			SetupLoadedEditorAssemblies (592ms)
				LogAssemblyErrors (0ms)
				InitializePlatformSupportModulesInManaged (18ms)
				SetLoadedEditorAssemblies (0ms)
				RefreshPlugins (91ms)
				BeforeProcessingInitializeOnLoad (102ms)
				ProcessInitializeOnLoadAttributes (349ms)
				ProcessInitializeOnLoadMethodAttributes (24ms)
				AfterProcessingInitializeOnLoad (8ms)
				EditorAssembliesLoaded (0ms)
			ExecutionOrderSort2 (0ms)
			AwakeInstancesAfterBackupRestoration (7ms)
Platform modules already initialized, skipping
========================================================================
Worker process is ready to serve import requests
Launched and connected shader compiler UnityShaderCompiler.exe after 0.06 seconds
Refreshing native plugins compatible for Editor in 0.73 ms, found 3 plugins.
Preloading 0 native plugins for Editor in 0.00 ms.
Unloading 3713 Unused Serialized files (Serialized files now loaded: 0)
Unloading 30 unused Assets / (113.5 KB). Loaded Objects now: 4173.
Memory consumption went from 131.2 MB to 131.1 MB.
Total: 3.846000 ms (FindLiveObjects: 0.345000 ms CreateObjectMapping: 0.123700 ms MarkObjects: 3.250000 ms  DeleteObjects: 0.125900 ms)

AssetImportParameters requested are different than current active one (requested -> active):
  custom:video-decoder-ogg-theora: a1e56fd34408186e4bbccfd4996cb3dc -> 
  custom:container-muxer-webm: aa71ff27fc2769a1b78a27578f13a17b -> 
  custom:container-demuxer-webm: 4f35f7cbe854078d1ac9338744f61a02 -> 
  custom:video-encoder-webm-vp8: eb34c28f22e8b96e1ab97ce403110664 -> 
  custom:audio-encoder-webm-vorbis: bf7c407c2cedff20999df2af8eb42d56 -> 
  custom:framework-win-MediaFoundation: 216162199b28c13a410421893ffa2e32 -> 
  custom:container-demuxer-ogg: 62fdf1f143b41e24485cea50d1cbac27 -> 
  custom:video-decoder-webm-vp8: 9c59270c3fd7afecdb556c50c9e8de78 -> 
  custom:audio-decoder-ogg-vorbis: bf7c407c2cedff20999df2af8eb42d56 -> 
========================================================================
Received Import Request.
  Time since last request: 698753.611556 seconds.
  path: Assets/IKEA/Objects/Assets/m16-assault-rifle/textures/Ambient_Occlusion_Map_from_Mesh_M16A3.png
  artifactKey: Guid(0df765d3c148e9a4bbce5303710c8ed4) Importer(815301076,1909f56bfc062723c751e8b465ee728b)
Start importing Assets/IKEA/Objects/Assets/m16-assault-rifle/textures/Ambient_Occlusion_Map_from_Mesh_M16A3.png using Guid(0df765d3c148e9a4bbce5303710c8ed4) Importer(815301076,1909f56bfc062723c751e8b465ee728b)  -> (artifact id: '8179184036dc08e5ece74dbc0b1a47d2') in 0.128929 seconds 
========================================================================
Received Import Request.
  Time since last request: 0.000024 seconds.
  path: Assets/IKEA/Objects/Assets/m16-assault-rifle/textures/m16_M16A3_BaseColor.png
  artifactKey: Guid(56dc19556667cdf44a70753503683fc2) Importer(815301076,1909f56bfc062723c751e8b465ee728b)
Start importing Assets/IKEA/Objects/Assets/m16-assault-rifle/textures/m16_M16A3_BaseColor.png using Guid(56dc19556667cdf44a70753503683fc2) Importer(815301076,1909f56bfc062723c751e8b465ee728b)  -> (artifact id: 'c067956a8b0354c1ce773162d20e2c22') in 0.018663 seconds 
========================================================================
Received Import Request.
  Time since last request: 139.496300 seconds.
  path: Assets/IKEA/Objects/Assets/burger/source/Model/Model/Model.FBX
  artifactKey: Guid(e12b8a587a564174f883e0f03fa8dee9) Importer(815301076,1909f56bfc062723c751e8b465ee728b)
Start importing Assets/IKEA/Objects/Assets/burger/source/Model/Model/Model.FBX using Guid(e12b8a587a564174f883e0f03fa8dee9) Importer(815301076,1909f56bfc062723c751e8b465ee728b)  -> (artifact id: '6a4c2a9bf7bde5abec8fb104ce407699') in 0.196298 seconds 
========================================================================
Received Import Request.
  Time since last request: 0.000030 seconds.
  path: Assets/IKEA/Objects/Assets/burger/source/Model/Model/Model.obj
  artifactKey: Guid(dfaf2bebee2d6704a9bdc93a85b315fc) Importer(815301076,1909f56bfc062723c751e8b465ee728b)
Start importing Assets/IKEA/Objects/Assets/burger/source/Model/Model/Model.obj using Guid(dfaf2bebee2d6704a9bdc93a85b315fc) Importer(815301076,1909f56bfc062723c751e8b465ee728b)  -> (artifact id: '2a2dbf1052f3063a1bb59d863a58fbeb') in 0.093359 seconds 
========================================================================
Received Import Request.
  Time since last request: 31.954096 seconds.
  path: Assets/IKEA/Objects/Assets/burger/source/Model/Model/Textures/Texture_02_PattyColor.jpg
  artifactKey: Guid(dc8da37e467e79348b208647937376d6) Importer(815301076,1909f56bfc062723c751e8b465ee728b)
Start importing Assets/IKEA/Objects/Assets/burger/source/Model/Model/Textures/Texture_02_PattyColor.jpg using Guid(dc8da37e467e79348b208647937376d6) Importer(815301076,1909f56bfc062723c751e8b465ee728b)  -> (artifact id: 'fcf2323a55da68ef2b070eaf0215bfcf') in 0.014601 seconds 
========================================================================
Received Import Request.
  Time since last request: 0.000023 seconds.
  path: Assets/IKEA/Objects/Assets/burger/source/Model/Model/Textures/Texture_12_CheeseGloss.jpg
  artifactKey: Guid(89a58d7c908e70a4d97e73269c67d76d) Importer(815301076,1909f56bfc062723c751e8b465ee728b)
Start importing Assets/IKEA/Objects/Assets/burger/source/Model/Model/Textures/Texture_12_CheeseGloss.jpg using Guid(89a58d7c908e70a4d97e73269c67d76d) Importer(815301076,1909f56bfc062723c751e8b465ee728b)  -> (artifact id: 'deeef8f0b22a0c4746645f1e2e9d68c6') in 0.011128 seconds 
========================================================================
Received Import Request.
  Time since last request: 0.000025 seconds.
  path: Assets/IKEA/Objects/Assets/burger/source/Model/Model/Textures/Texture_03_PattyGloss.jpg
  artifactKey: Guid(405df7d9d8a332247a3b3cfbafc5f42f) Importer(815301076,1909f56bfc062723c751e8b465ee728b)
Start importing Assets/IKEA/Objects/Assets/burger/source/Model/Model/Textures/Texture_03_PattyGloss.jpg using Guid(405df7d9d8a332247a3b3cfbafc5f42f) Importer(815301076,1909f56bfc062723c751e8b465ee728b)  -> (artifact id: '88d7048d60ecce126041833aa026acfe') in 0.012735 seconds 
========================================================================
Received Import Request.
  Time since last request: 0.000023 seconds.
  path: Assets/IKEA/Objects/Assets/burger/source/Model/Model/Textures/Texture_09_BreadGloss.jpg
  artifactKey: Guid(d3e3fb65722415c43b6c197effca6e2e) Importer(815301076,1909f56bfc062723c751e8b465ee728b)
Start importing Assets/IKEA/Objects/Assets/burger/source/Model/Model/Textures/Texture_09_BreadGloss.jpg using Guid(d3e3fb65722415c43b6c197effca6e2e) Importer(815301076,1909f56bfc062723c751e8b465ee728b)  -> (artifact id: '348ad4c7921c254b7fab080ecbafd88a') in 0.012819 seconds 
========================================================================
Received Import Request.
  Time since last request: 0.000027 seconds.
  path: Assets/IKEA/Objects/Assets/burger/source/Model/Model/Textures/Texture_10_BreadBump.jpg
  artifactKey: Guid(5f278ad3458d53049bd4714cdfef8dbc) Importer(815301076,1909f56bfc062723c751e8b465ee728b)
Start importing Assets/IKEA/Objects/Assets/burger/source/Model/Model/Textures/Texture_10_BreadBump.jpg using Guid(5f278ad3458d53049bd4714cdfef8dbc) Importer(815301076,1909f56bfc062723c751e8b465ee728b)  -> (artifact id: 'c59119f3e323a8f07b3c7c431918db61') in 0.012068 seconds 
========================================================================
Received Import Request.
  Time since last request: 0.000022 seconds.
  path: Assets/IKEA/Objects/Assets/burger/source/Model/Model/Textures/Texture_14_CabbageColor.jpg
  artifactKey: Guid(d506c8526586d1a4dbdee3c219dc860d) Importer(815301076,1909f56bfc062723c751e8b465ee728b)
Start importing Assets/IKEA/Objects/Assets/burger/source/Model/Model/Textures/Texture_14_CabbageColor.jpg using Guid(d506c8526586d1a4dbdee3c219dc860d) Importer(815301076,1909f56bfc062723c751e8b465ee728b)  -> (artifact id: '5a9cdb47946d074dd3f83cff1e0d8b4b') in 0.010944 seconds 
========================================================================
Received Import Request.
  Time since last request: 0.000023 seconds.
  path: Assets/IKEA/Objects/Assets/burger/source/Model/Model/Textures/Texture_05_TomatoColor.jpg
  artifactKey: Guid(339ece1de0d418249827d5e6fb98d15e) Importer(815301076,1909f56bfc062723c751e8b465ee728b)
Start importing Assets/IKEA/Objects/Assets/burger/source/Model/Model/Textures/Texture_05_TomatoColor.jpg using Guid(339ece1de0d418249827d5e6fb98d15e) Importer(815301076,1909f56bfc062723c751e8b465ee728b)  -> (artifact id: 'dfa88f5d4be7f34bc4b197ae6edd8379') in 0.011349 seconds 
========================================================================
Received Import Request.
  Time since last request: 48.610828 seconds.
  path: Assets/IKEA/Objects/Assets/pizza/textures/new_tarelka_default_color.jpg
  artifactKey: Guid(8804e445890cec143bc82ce9048d2f6e) Importer(815301076,1909f56bfc062723c751e8b465ee728b)
Start importing Assets/IKEA/Objects/Assets/pizza/textures/new_tarelka_default_color.jpg using Guid(8804e445890cec143bc82ce9048d2f6e) Importer(815301076,1909f56bfc062723c751e8b465ee728b)  -> (artifact id: '85e184a7a79cbc1f4503ecf5d7add6c6') in 0.025867 seconds 
========================================================================
Received Import Request.
  Time since last request: 0.000157 seconds.
  path: Assets/IKEA/Objects/Assets/pizza/textures/xn_normals.jpg
  artifactKey: Guid(2252fbf14e12b1544b66395ab6920ede) Importer(815301076,1909f56bfc062723c751e8b465ee728b)
Start importing Assets/IKEA/Objects/Assets/pizza/textures/xn_normals.jpg using Guid(2252fbf14e12b1544b66395ab6920ede) Importer(815301076,1909f56bfc062723c751e8b465ee728b)  -> (artifact id: 'd2a66724fd9098e9c2563d04950f770e') in 0.011813 seconds 
Editor requested this worker to shutdown with reason: Scaling down because of idle timeout
AssetImportWorker is now disconnected from the server
Process exiting
Exiting without the bug reporter. Application will terminate with return code 0