Using pre-set license
Built from '2021.3/staging' branch; Version is '2021.3.15f1 (e8e88683f834) revision 15263878'; Using compiler version '192829333'; Build Type 'Release'
OS: 'Windows 10  (10.0.19045) 64bit Core' Language: 'ru' Physical Memory: 16085 MB
BatchMode: 1, IsHumanControllingUs: 0, StartBugReporterOnCrash: 0, Is64bit: 1, IsPro: 1

COMMAND LINE ARGUMENTS:
C:\Program Files\Unity\Hub\Editor\2021.3.15f1\Editor\Unity.exe
-adb2
-batchMode
-noUpm
-name
AssetImportWorker2
-projectPath
C:/Users/Polina/Documents/GitHub/IKEA/IKEA
-logFile
Logs/AssetImportWorker2.log
-srvPort
49158
Successfully changed project path to: C:/Users/Polina/Documents/GitHub/IKEA/IKEA
C:/Users/Polina/Documents/GitHub/IKEA/IKEA
[UnityMemory] Configuration Parameters - Can be set up in boot.config
    "memorysetup-bucket-allocator-granularity=16"
    "memorysetup-bucket-allocator-bucket-count=8"
    "memorysetup-bucket-allocator-block-size=33554432"
    "memorysetup-bucket-allocator-block-count=8"
    "memorysetup-main-allocator-block-size=16777216"
    "memorysetup-thread-allocator-block-size=16777216"
    "memorysetup-gfx-main-allocator-block-size=16777216"
    "memorysetup-gfx-thread-allocator-block-size=16777216"
    "memorysetup-cache-allocator-block-size=4194304"
    "memorysetup-typetree-allocator-block-size=2097152"
    "memorysetup-profiler-bucket-allocator-granularity=16"
    "memorysetup-profiler-bucket-allocator-bucket-count=8"
    "memorysetup-profiler-bucket-allocator-block-size=33554432"
    "memorysetup-profiler-bucket-allocator-block-count=8"
    "memorysetup-profiler-allocator-block-size=16777216"
    "memorysetup-profiler-editor-allocator-block-size=1048576"
    "memorysetup-temp-allocator-size-main=16777216"
    "memorysetup-job-temp-allocator-block-size=2097152"
    "memorysetup-job-temp-allocator-block-size-background=1048576"
    "memorysetup-job-temp-allocator-reduction-small-platforms=262144"
    "memorysetup-temp-allocator-size-background-worker=32768"
    "memorysetup-temp-allocator-size-job-worker=262144"
    "memorysetup-temp-allocator-size-preload-manager=33554432"
    "memorysetup-temp-allocator-size-nav-mesh-worker=65536"
    "memorysetup-temp-allocator-size-audio-worker=65536"
    "memorysetup-temp-allocator-size-cloud-worker=32768"
    "memorysetup-temp-allocator-size-gi-baking-worker=262144"
    "memorysetup-temp-allocator-size-gfx=262144"
Player connection [28720] Host "[IP] 192.168.5.103 [Port] 0 [Flags] 2 [Guid] 1712691254 [EditorId] 1712691254 [Version] 1048832 [Id] WindowsEditor(7,DESKTOP-ASKKFVB) [Debug] 1 [PackageName] WindowsEditor [ProjectName] Editor" joined multi-casting on [225.0.0.222:54997]...

Player connection [28720] Host "[IP] 192.168.5.103 [Port] 0 [Flags] 2 [Guid] 1712691254 [EditorId] 1712691254 [Version] 1048832 [Id] WindowsEditor(7,DESKTOP-ASKKFVB) [Debug] 1 [PackageName] WindowsEditor [ProjectName] Editor" joined alternative multi-casting on [225.0.0.222:34997]...

Refreshing native plugins compatible for Editor in 93.12 ms, found 3 plugins.
Preloading 0 native plugins for Editor in 0.00 ms.
Initialize engine version: 2021.3.15f1 (e8e88683f834)
[Subsystems] Discovering subsystems at path C:/Program Files/Unity/Hub/Editor/2021.3.15f1/Editor/Data/Resources/UnitySubsystems
[Subsystems] Discovering subsystems at path C:/Users/Polina/Documents/GitHub/IKEA/IKEA/Assets
GfxDevice: creating device client; threaded=0; jobified=0
Direct3D:
    Version:  Direct3D 11.0 [level 11.1]
    Renderer: NVIDIA GeForce RTX 3050 Laptop GPU (ID=0x25a2)
    Vendor:   NVIDIA
    VRAM:     3979 MB
    Driver:   31.0.15.2756
Initialize mono
Mono path[0] = 'C:/Program Files/Unity/Hub/Editor/2021.3.15f1/Editor/Data/Managed'
Mono path[1] = 'C:/Program Files/Unity/Hub/Editor/2021.3.15f1/Editor/Data/MonoBleedingEdge/lib/mono/unityjit-win32'
Mono config path = 'C:/Program Files/Unity/Hub/Editor/2021.3.15f1/Editor/Data/MonoBleedingEdge/etc'
Using monoOptions --debugger-agent=transport=dt_socket,embedding=1,server=y,suspend=n,address=127.0.0.1:56084
Begin MonoManager ReloadAssembly
Registering precompiled unity dll's ...
Register platform support module: C:/Program Files/Unity/Hub/Editor/2021.3.15f1/Editor/Data/PlaybackEngines/AndroidPlayer/UnityEditor.Android.Extensions.dll
Register platform support module: C:/Program Files/Unity/Hub/Editor/2021.3.15f1/Editor/Data/PlaybackEngines/WindowsStandaloneSupport/UnityEditor.WindowsStandalone.Extensions.dll
Registered in 0.009754 seconds.
Native extension for WindowsStandalone target not found
Native extension for Android target not found
Refreshing native plugins compatible for Editor in 88.91 ms, found 3 plugins.
Preloading 0 native plugins for Editor in 0.00 ms.
Mono: successfully reloaded assembly
- Completed reload, in  0.822 seconds
Domain Reload Profiling:
	ReloadAssembly (823ms)
		BeginReloadAssembly (119ms)
			ExecutionOrderSort (0ms)
			DisableScriptedObjects (0ms)
			BackupInstance (0ms)
			ReleaseScriptingObjects (0ms)
			CreateAndSetChildDomain (1ms)
		EndReloadAssembly (571ms)
			LoadAssemblies (118ms)
			RebuildTransferFunctionScriptingTraits (0ms)
			SetupTypeCache (134ms)
			ReleaseScriptCaches (0ms)
			RebuildScriptCaches (33ms)
			SetupLoadedEditorAssemblies (341ms)
				LogAssemblyErrors (0ms)
				InitializePlatformSupportModulesInManaged (73ms)
				SetLoadedEditorAssemblies (0ms)
				RefreshPlugins (89ms)
				BeforeProcessingInitializeOnLoad (1ms)
				ProcessInitializeOnLoadAttributes (122ms)
				ProcessInitializeOnLoadMethodAttributes (55ms)
				AfterProcessingInitializeOnLoad (0ms)
				EditorAssembliesLoaded (0ms)
			ExecutionOrderSort2 (0ms)
			AwakeInstancesAfterBackupRestoration (0ms)
Platform modules already initialized, skipping
Registering precompiled user dll's ...
Registered in 0.005857 seconds.
Begin MonoManager ReloadAssembly
Symbol file LoadedFromMemory doesn't match image C:\Users\Polina\Documents\GitHub\IKEA\IKEA\Library\PackageCache\com.unity.visualscripting@1.7.8\Editor\VisualScripting.Core\Dependencies\YamlDotNet\Unity.VisualScripting.YamlDotNet.dll
Symbol file LoadedFromMemory doesn't match image C:\Users\Polina\Documents\GitHub\IKEA\IKEA\Library\PackageCache\com.unity.visualscripting@1.7.8\Editor\VisualScripting.Core\Dependencies\DotNetZip\Unity.VisualScripting.IonicZip.dll
Native extension for WindowsStandalone target not found
Native extension for Android target not found
Refreshing native plugins compatible for Editor in 90.44 ms, found 3 plugins.
Preloading 0 native plugins for Editor in 0.00 ms.
Mono: successfully reloaded assembly
- Completed reload, in  1.539 seconds
Domain Reload Profiling:
	ReloadAssembly (1540ms)
		BeginReloadAssembly (251ms)
			ExecutionOrderSort (0ms)
			DisableScriptedObjects (7ms)
			BackupInstance (0ms)
			ReleaseScriptingObjects (0ms)
			CreateAndSetChildDomain (137ms)
		EndReloadAssembly (1156ms)
			LoadAssemblies (136ms)
			RebuildTransferFunctionScriptingTraits (0ms)
			SetupTypeCache (318ms)
			ReleaseScriptCaches (1ms)
			RebuildScriptCaches (63ms)
			SetupLoadedEditorAssemblies (592ms)
				LogAssemblyErrors (0ms)
				InitializePlatformSupportModulesInManaged (18ms)
				SetLoadedEditorAssemblies (0ms)
				RefreshPlugins (91ms)
				BeforeProcessingInitializeOnLoad (102ms)
				ProcessInitializeOnLoadAttributes (347ms)
				ProcessInitializeOnLoadMethodAttributes (25ms)
				AfterProcessingInitializeOnLoad (8ms)
				EditorAssembliesLoaded (0ms)
			ExecutionOrderSort2 (0ms)
			AwakeInstancesAfterBackupRestoration (8ms)
Platform modules already initialized, skipping
========================================================================
Worker process is ready to serve import requests
Launched and connected shader compiler UnityShaderCompiler.exe after 0.05 seconds
Refreshing native plugins compatible for Editor in 0.70 ms, found 3 plugins.
Preloading 0 native plugins for Editor in 0.00 ms.
Unloading 3713 Unused Serialized files (Serialized files now loaded: 0)
Unloading 30 unused Assets / (113.5 KB). Loaded Objects now: 4173.
Memory consumption went from 131.2 MB to 131.1 MB.
Total: 3.718300 ms (FindLiveObjects: 0.315700 ms CreateObjectMapping: 0.131100 ms MarkObjects: 3.168100 ms  DeleteObjects: 0.102200 ms)

AssetImportParameters requested are different than current active one (requested -> active):
  custom:video-decoder-ogg-theora: a1e56fd34408186e4bbccfd4996cb3dc -> 
  custom:container-muxer-webm: aa71ff27fc2769a1b78a27578f13a17b -> 
  custom:container-demuxer-webm: 4f35f7cbe854078d1ac9338744f61a02 -> 
  custom:video-encoder-webm-vp8: eb34c28f22e8b96e1ab97ce403110664 -> 
  custom:audio-encoder-webm-vorbis: bf7c407c2cedff20999df2af8eb42d56 -> 
  custom:framework-win-MediaFoundation: 216162199b28c13a410421893ffa2e32 -> 
  custom:container-demuxer-ogg: 62fdf1f143b41e24485cea50d1cbac27 -> 
  custom:video-decoder-webm-vp8: 9c59270c3fd7afecdb556c50c9e8de78 -> 
  custom:audio-decoder-ogg-vorbis: bf7c407c2cedff20999df2af8eb42d56 -> 
========================================================================
Received Import Request.
  Time since last request: 698753.611575 seconds.
  path: Assets/IKEA/Objects/Assets/m16-assault-rifle/textures/m16_M16A3_Metallic.png
  artifactKey: Guid(0c67aa8302d467d47b138ba81ff74426) Importer(815301076,1909f56bfc062723c751e8b465ee728b)
Start importing Assets/IKEA/Objects/Assets/m16-assault-rifle/textures/m16_M16A3_Metallic.png using Guid(0c67aa8302d467d47b138ba81ff74426) Importer(815301076,1909f56bfc062723c751e8b465ee728b)  -> (artifact id: '0ee7db89b4389a50fe8de1fce67597b3') in 0.126915 seconds 
========================================================================
Received Import Request.
  Time since last request: 0.000022 seconds.
  path: Assets/IKEA/Objects/Assets/m16-assault-rifle/textures/m16_M16A3_Normal.png
  artifactKey: Guid(60ab911c8cfd8d84e9f0df3a4550eb65) Importer(815301076,1909f56bfc062723c751e8b465ee728b)
Start importing Assets/IKEA/Objects/Assets/m16-assault-rifle/textures/m16_M16A3_Normal.png using Guid(60ab911c8cfd8d84e9f0df3a4550eb65) Importer(815301076,1909f56bfc062723c751e8b465ee728b)  -> (artifact id: 'c0effbbf4e992a54a71e766d223a2772') in 0.019347 seconds 
========================================================================
Received Import Request.
  Time since last request: 136.754887 seconds.
  path: Assets/IKEA/Objects/Assets/burger
  artifactKey: Guid(c408566ad768dfa43b3c7d7312dacbaf) Importer(815301076,1909f56bfc062723c751e8b465ee728b)
Start importing Assets/IKEA/Objects/Assets/burger using Guid(c408566ad768dfa43b3c7d7312dacbaf) Importer(815301076,1909f56bfc062723c751e8b465ee728b)  -> (artifact id: 'db2a69237ed5c5513d1c50ed0b2392e1') in 0.001639 seconds 
========================================================================
Received Import Request.
  Time since last request: 0.911971 seconds.
  path: Assets/IKEA/Objects/Assets/burger/source
  artifactKey: Guid(9f36865ce45330d499a90d579157d1ff) Importer(815301076,1909f56bfc062723c751e8b465ee728b)
Start importing Assets/IKEA/Objects/Assets/burger/source using Guid(9f36865ce45330d499a90d579157d1ff) Importer(815301076,1909f56bfc062723c751e8b465ee728b)  -> (artifact id: '9fb560a733f7fe49dd5da19e8e8b1648') in 0.001888 seconds 
========================================================================
Received Import Request.
  Time since last request: 0.694953 seconds.
  path: Assets/IKEA/Objects/Assets/burger/source/Model
  artifactKey: Guid(d55035aa522e5a14c95b80f942447647) Importer(815301076,1909f56bfc062723c751e8b465ee728b)
Start importing Assets/IKEA/Objects/Assets/burger/source/Model using Guid(d55035aa522e5a14c95b80f942447647) Importer(815301076,1909f56bfc062723c751e8b465ee728b)  -> (artifact id: '0a07a0ea5cc0ea05904d774aa2c75d16') in 0.001694 seconds 
========================================================================
Received Import Request.
  Time since last request: 1.035411 seconds.
  path: Assets/IKEA/Objects/Assets/burger/source/Model/Model
  artifactKey: Guid(3f45acee277e3664696bbc627bd30f8f) Importer(815301076,1909f56bfc062723c751e8b465ee728b)
Start importing Assets/IKEA/Objects/Assets/burger/source/Model/Model using Guid(3f45acee277e3664696bbc627bd30f8f) Importer(815301076,1909f56bfc062723c751e8b465ee728b)  -> (artifact id: '8b8da3c7d914e50c07adecbaa8bdc4a5') in 0.001973 seconds 
========================================================================
Received Import Request.
  Time since last request: 0.067887 seconds.
  path: Assets/IKEA/Objects/Assets/burger/source/Model/Model/Model.3DS
  artifactKey: Guid(83bc99d70364f414ea4a0de642a4808d) Importer(815301076,1909f56bfc062723c751e8b465ee728b)
Start importing Assets/IKEA/Objects/Assets/burger/source/Model/Model/Model.3DS using Guid(83bc99d70364f414ea4a0de642a4808d) Importer(815301076,1909f56bfc062723c751e8b465ee728b)  -> (artifact id: '063343115dcefb9c45f2a719a19b3e26') in 0.238423 seconds 
========================================================================
Received Import Request.
  Time since last request: 31.926754 seconds.
  path: Assets/IKEA/Objects/Assets/burger/source/Model/Model/Textures
  artifactKey: Guid(7aa8a435eed07ee4281afbab735e70fa) Importer(815301076,1909f56bfc062723c751e8b465ee728b)
Start importing Assets/IKEA/Objects/Assets/burger/source/Model/Model/Textures using Guid(7aa8a435eed07ee4281afbab735e70fa) Importer(815301076,1909f56bfc062723c751e8b465ee728b)  -> (artifact id: '6a84143e9a9749c2dd5c346a00dd0656') in 0.002049 seconds 
========================================================================
Received Import Request.
  Time since last request: 0.069206 seconds.
  path: Assets/IKEA/Objects/Assets/burger/source/Model/Model/Textures/Texture_01_HDRI.hdr
  artifactKey: Guid(3296fae2a3f898a4fbdc0fcf4b62f6ef) Importer(815301076,1909f56bfc062723c751e8b465ee728b)
Start importing Assets/IKEA/Objects/Assets/burger/source/Model/Model/Textures/Texture_01_HDRI.hdr using Guid(3296fae2a3f898a4fbdc0fcf4b62f6ef) Importer(815301076,1909f56bfc062723c751e8b465ee728b)  -> (artifact id: 'ad100848cb0c6856cd878a8f49c9dddb') in 0.014078 seconds 
========================================================================
Received Import Request.
  Time since last request: 0.000042 seconds.
  path: Assets/IKEA/Objects/Assets/burger/source/Model/Model/Textures/Texture_04_PattyBump.jpg
  artifactKey: Guid(8d4b3f99b1c9aa243b3f4b87ea3e91eb) Importer(815301076,1909f56bfc062723c751e8b465ee728b)
Start importing Assets/IKEA/Objects/Assets/burger/source/Model/Model/Textures/Texture_04_PattyBump.jpg using Guid(8d4b3f99b1c9aa243b3f4b87ea3e91eb) Importer(815301076,1909f56bfc062723c751e8b465ee728b)  -> (artifact id: 'c46251ada5278c79ae2bc2d4077689c4') in 0.014934 seconds 
========================================================================
Received Import Request.
  Time since last request: 0.000033 seconds.
  path: Assets/IKEA/Objects/Assets/burger/source/Model/Model/Textures/Texture_06_TomatoGloss.jpg
  artifactKey: Guid(61a80f8712c07c24aa07970e16e36248) Importer(815301076,1909f56bfc062723c751e8b465ee728b)
Start importing Assets/IKEA/Objects/Assets/burger/source/Model/Model/Textures/Texture_06_TomatoGloss.jpg using Guid(61a80f8712c07c24aa07970e16e36248) Importer(815301076,1909f56bfc062723c751e8b465ee728b)  -> (artifact id: '105c0e9c49d1ab8f80db3d86c9e37bda') in 0.010406 seconds 
========================================================================
Received Import Request.
  Time since last request: 0.000043 seconds.
  path: Assets/IKEA/Objects/Assets/burger/source/Model/Model/Textures/Texture_11_CheeseColor.jpg
  artifactKey: Guid(c2b0c87ff08f83b43b71a2d086d39b6e) Importer(815301076,1909f56bfc062723c751e8b465ee728b)
Start importing Assets/IKEA/Objects/Assets/burger/source/Model/Model/Textures/Texture_11_CheeseColor.jpg using Guid(c2b0c87ff08f83b43b71a2d086d39b6e) Importer(815301076,1909f56bfc062723c751e8b465ee728b)  -> (artifact id: 'f3a91b8247324cfee639542d0e95fbf2') in 0.012748 seconds 
========================================================================
Received Import Request.
  Time since last request: 0.000036 seconds.
  path: Assets/IKEA/Objects/Assets/burger/source/Model/Model/Textures/Texture_08_BreadColor.jpg
  artifactKey: Guid(b9c6db71fd182c24aacdf58dfbd68d79) Importer(815301076,1909f56bfc062723c751e8b465ee728b)
Start importing Assets/IKEA/Objects/Assets/burger/source/Model/Model/Textures/Texture_08_BreadColor.jpg using Guid(b9c6db71fd182c24aacdf58dfbd68d79) Importer(815301076,1909f56bfc062723c751e8b465ee728b)  -> (artifact id: 'ea11dc6b6bb2af986af5c65381f0a14f') in 0.011200 seconds 
========================================================================
Received Import Request.
  Time since last request: 0.000034 seconds.
  path: Assets/IKEA/Objects/Assets/burger/source/Model/Model/Textures/Texture_07_TomatoBump.jpg
  artifactKey: Guid(c28b3ad7c7f9f0143abe463bb87bd87a) Importer(815301076,1909f56bfc062723c751e8b465ee728b)
Start importing Assets/IKEA/Objects/Assets/burger/source/Model/Model/Textures/Texture_07_TomatoBump.jpg using Guid(c28b3ad7c7f9f0143abe463bb87bd87a) Importer(815301076,1909f56bfc062723c751e8b465ee728b)  -> (artifact id: '6880085edcdb9394cd5c66f1644a3503') in 0.010790 seconds 
========================================================================
Received Import Request.
  Time since last request: 0.000030 seconds.
  path: Assets/IKEA/Objects/Assets/burger/source/Model/Model/Textures/Texture_13_CheeseBump.jpg
  artifactKey: Guid(ebbdf0a9e66c1014d8a1a9f3c949fb84) Importer(815301076,1909f56bfc062723c751e8b465ee728b)
Start importing Assets/IKEA/Objects/Assets/burger/source/Model/Model/Textures/Texture_13_CheeseBump.jpg using Guid(ebbdf0a9e66c1014d8a1a9f3c949fb84) Importer(815301076,1909f56bfc062723c751e8b465ee728b)  -> (artifact id: '794f3f6ee0fbdfb8eb611258e766c8e5') in 0.012828 seconds 
========================================================================
Received Import Request.
  Time since last request: 31.645697 seconds.
  path: Assets/IKEA/Objects/Assets/pizza
  artifactKey: Guid(bded25ad916dc804e979b4ad072bd67b) Importer(815301076,1909f56bfc062723c751e8b465ee728b)
Start importing Assets/IKEA/Objects/Assets/pizza using Guid(bded25ad916dc804e979b4ad072bd67b) Importer(815301076,1909f56bfc062723c751e8b465ee728b)  -> (artifact id: '6a4c7d09e3d048cf6187f6b225b85855') in 0.002682 seconds 
========================================================================
Received Import Request.
  Time since last request: 0.671390 seconds.
  path: Assets/IKEA/Objects/Assets/pizza/source
  artifactKey: Guid(54fc9b91d640d744897d79158e298bc7) Importer(815301076,1909f56bfc062723c751e8b465ee728b)
Start importing Assets/IKEA/Objects/Assets/pizza/source using Guid(54fc9b91d640d744897d79158e298bc7) Importer(815301076,1909f56bfc062723c751e8b465ee728b)  -> (artifact id: '9040ce8b2e5b785d0e88ba692cb43f64') in 0.001797 seconds 
========================================================================
Received Import Request.
  Time since last request: 1.172610 seconds.
  path: Assets/IKEA/Objects/Assets/pizza/source/pizza-sf-1.fbx
  artifactKey: Guid(c9282a9ca1fc9b742b44b0e2c6f006e6) Importer(815301076,1909f56bfc062723c751e8b465ee728b)
Start importing Assets/IKEA/Objects/Assets/pizza/source/pizza-sf-1.fbx using Guid(c9282a9ca1fc9b742b44b0e2c6f006e6) Importer(815301076,1909f56bfc062723c751e8b465ee728b)  -> (artifact id: 'fb2f58df5075bdb12f97509d0bea7d8f') in 0.053553 seconds 
========================================================================
Received Import Request.
  Time since last request: 14.905141 seconds.
  path: Assets/IKEA/Objects/Assets/pizza/textures
  artifactKey: Guid(01b221b6a4baba447a4a714ad6169346) Importer(815301076,1909f56bfc062723c751e8b465ee728b)
Start importing Assets/IKEA/Objects/Assets/pizza/textures using Guid(01b221b6a4baba447a4a714ad6169346) Importer(815301076,1909f56bfc062723c751e8b465ee728b)  -> (artifact id: 'b525a1717969f58046b4437af573ec96') in 0.001737 seconds 
========================================================================
Received Import Request.
  Time since last request: 0.106536 seconds.
  path: Assets/IKEA/Objects/Assets/pizza/textures/internal_ground_ao_texture.jpeg
  artifactKey: Guid(53f6811454cf8aa4a894e84c5255c5a8) Importer(815301076,1909f56bfc062723c751e8b465ee728b)
Start importing Assets/IKEA/Objects/Assets/pizza/textures/internal_ground_ao_texture.jpeg using Guid(53f6811454cf8aa4a894e84c5255c5a8) Importer(815301076,1909f56bfc062723c751e8b465ee728b)  -> (artifact id: '531aadaea968f6b21f7a7e8856575382') in 0.015786 seconds 
========================================================================
Received Import Request.
  Time since last request: 0.000045 seconds.
  path: Assets/IKEA/Objects/Assets/pizza/textures/pizza-no-base-diffuse.jpg
  artifactKey: Guid(3443aacee3181fe4a8c3ae84e878a2e5) Importer(815301076,1909f56bfc062723c751e8b465ee728b)
Start importing Assets/IKEA/Objects/Assets/pizza/textures/pizza-no-base-diffuse.jpg using Guid(3443aacee3181fe4a8c3ae84e878a2e5) Importer(815301076,1909f56bfc062723c751e8b465ee728b)  -> (artifact id: 'e510168bffcd88f07aadce3811cddfa1') in 0.019245 seconds 
========================================================================
Received Import Request.
  Time since last request: 60.479724 seconds.
  path: Assets/IKEA/Objects/Assets/pizza/Materials/pizza-no-base-diffuse.mat
  artifactKey: Guid(03f6afe3b0fb78e4798dff1b7815ba03) Importer(815301076,1909f56bfc062723c751e8b465ee728b)
Start importing Assets/IKEA/Objects/Assets/pizza/Materials/pizza-no-base-diffuse.mat using Guid(03f6afe3b0fb78e4798dff1b7815ba03) Importer(815301076,1909f56bfc062723c751e8b465ee728b)  -> (artifact id: 'fbde95374c12522eb1c3779fca8b119e') in 0.013531 seconds 
========================================================================
Received Import Request.
  Time since last request: 14.734523 seconds.
  path: Assets/IKEA/Objects/Assets/pizza/Materials
  artifactKey: Guid(4d5a7a92b1cd6fd408db246e9d344b99) Importer(815301076,1909f56bfc062723c751e8b465ee728b)
Start importing Assets/IKEA/Objects/Assets/pizza/Materials using Guid(4d5a7a92b1cd6fd408db246e9d344b99) Importer(815301076,1909f56bfc062723c751e8b465ee728b)  -> (artifact id: '26d7b8f2319cdd5863ef91e92e8fc7b1') in 0.001354 seconds 
========================================================================
Received Import Request.
  Time since last request: 51.439864 seconds.
  path: Assets/IKEA/Objects/Prefabs/pizza-sf-1.prefab
  artifactKey: Guid(eee55048d940d244b85625d2376d4758) Importer(815301076,1909f56bfc062723c751e8b465ee728b)
Start importing Assets/IKEA/Objects/Prefabs/pizza-sf-1.prefab using Guid(eee55048d940d244b85625d2376d4758) Importer(815301076,1909f56bfc062723c751e8b465ee728b)  -> (artifact id: 'd51a214e28608b740f3bfca3b35d237a') in 0.036980 seconds 
========================================================================
Received Import Request.
  Time since last request: 8.433416 seconds.
  path: Assets/IKEA/Objects/Prefabs/Pizza.prefab
  artifactKey: Guid(eee55048d940d244b85625d2376d4758) Importer(815301076,1909f56bfc062723c751e8b465ee728b)
Start importing Assets/IKEA/Objects/Prefabs/Pizza.prefab using Guid(eee55048d940d244b85625d2376d4758) Importer(815301076,1909f56bfc062723c751e8b465ee728b)  -> (artifact id: 'ff263cb0e2f6590d7e268f45885ef71d') in 0.027356 seconds 
========================================================================
Received Import Request.
  Time since last request: 31.953045 seconds.
  path: Assets/IKEA/Objects/ScriptableObjects/Challah 1.asset
  artifactKey: Guid(c1899fc359de9b0449a32e98d11ad3b0) Importer(815301076,1909f56bfc062723c751e8b465ee728b)
Start importing Assets/IKEA/Objects/ScriptableObjects/Challah 1.asset using Guid(c1899fc359de9b0449a32e98d11ad3b0) Importer(815301076,1909f56bfc062723c751e8b465ee728b)  -> (artifact id: 'e8ed6c350f98fc7cd60c0ecade79e5cf') in 0.045716 seconds 
========================================================================
Received Import Request.
  Time since last request: 14.651389 seconds.
  path: Assets/IKEA/Objects/ScriptableObjects/Pizza.asset
  artifactKey: Guid(c1899fc359de9b0449a32e98d11ad3b0) Importer(815301076,1909f56bfc062723c751e8b465ee728b)
Start importing Assets/IKEA/Objects/ScriptableObjects/Pizza.asset using Guid(c1899fc359de9b0449a32e98d11ad3b0) Importer(815301076,1909f56bfc062723c751e8b465ee728b)  -> (artifact id: '64962c81db1cec962836f29380b029ef') in 0.029435 seconds 
========================================================================
Received Import Request.
  Time since last request: 41.465666 seconds.
  path: Assets/IKEA/Objects/Prefabs/Pizza.prefab
  artifactKey: Guid(eee55048d940d244b85625d2376d4758) Importer(815301076,1909f56bfc062723c751e8b465ee728b)
Start importing Assets/IKEA/Objects/Prefabs/Pizza.prefab using Guid(eee55048d940d244b85625d2376d4758) Importer(815301076,1909f56bfc062723c751e8b465ee728b)  -> (artifact id: '9a167f666c07ae055b946f44e9f49d7d') in 0.017770 seconds 
========================================================================
Received Import Request.
  Time since last request: 7.840977 seconds.
  path: Assets/IKEA/Objects/Prefabs/Pizza.prefab
  artifactKey: Guid(eee55048d940d244b85625d2376d4758) Importer(815301076,1909f56bfc062723c751e8b465ee728b)
Start importing Assets/IKEA/Objects/Prefabs/Pizza.prefab using Guid(eee55048d940d244b85625d2376d4758) Importer(815301076,1909f56bfc062723c751e8b465ee728b)  -> (artifact id: 'fba12bb1300c84f2a40ea93c855f98bc') in 0.040700 seconds 
========================================================================
Received Import Request.
  Time since last request: 24.572205 seconds.
  path: Assets/IKEA/Objects/Prefabs/Pizza.prefab
  artifactKey: Guid(eee55048d940d244b85625d2376d4758) Importer(815301076,1909f56bfc062723c751e8b465ee728b)
Start importing Assets/IKEA/Objects/Prefabs/Pizza.prefab using Guid(eee55048d940d244b85625d2376d4758) Importer(815301076,1909f56bfc062723c751e8b465ee728b)  -> (artifact id: 'cebb2099d4cc476843df7899e3d140cd') in 0.054102 seconds 
========================================================================
Received Import Request.
  Time since last request: 25.605054 seconds.
  path: Assets/IKEA/Objects/Prefabs/Pizza.prefab
  artifactKey: Guid(eee55048d940d244b85625d2376d4758) Importer(815301076,1909f56bfc062723c751e8b465ee728b)
Start importing Assets/IKEA/Objects/Prefabs/Pizza.prefab using Guid(eee55048d940d244b85625d2376d4758) Importer(815301076,1909f56bfc062723c751e8b465ee728b)  -> (artifact id: 'd92b8e95c77c9af941dd1b617255f401') in 0.058277 seconds 
========================================================================
Received Import Request.
  Time since last request: 11.160671 seconds.
  path: Assets/IKEA/Objects/Prefabs/Pizza.prefab
  artifactKey: Guid(eee55048d940d244b85625d2376d4758) Importer(815301076,1909f56bfc062723c751e8b465ee728b)
Start importing Assets/IKEA/Objects/Prefabs/Pizza.prefab using Guid(eee55048d940d244b85625d2376d4758) Importer(815301076,1909f56bfc062723c751e8b465ee728b)  -> (artifact id: 'be990b861bc45e51ccb53bfcd1df38d5') in 0.040012 seconds 
========================================================================
Received Import Request.
  Time since last request: 31.453511 seconds.
  path: Assets/IKEA/Objects/Prefabs/Pizza.prefab
  artifactKey: Guid(eee55048d940d244b85625d2376d4758) Importer(815301076,1909f56bfc062723c751e8b465ee728b)
Start importing Assets/IKEA/Objects/Prefabs/Pizza.prefab using Guid(eee55048d940d244b85625d2376d4758) Importer(815301076,1909f56bfc062723c751e8b465ee728b)  -> (artifact id: 'ceba4abbef4961fdbe0d9d5e75c3efda') in 0.051079 seconds 
========================================================================
Received Import Request.
  Time since last request: 30.002929 seconds.
  path: Assets/IKEA/Objects/Prefabs/Pizza.prefab
  artifactKey: Guid(eee55048d940d244b85625d2376d4758) Importer(815301076,1909f56bfc062723c751e8b465ee728b)
Start importing Assets/IKEA/Objects/Prefabs/Pizza.prefab using Guid(eee55048d940d244b85625d2376d4758) Importer(815301076,1909f56bfc062723c751e8b465ee728b)  -> (artifact id: '83cd0dcad49259095985e24c94c8f2fc') in 0.042049 seconds 
========================================================================
Received Import Request.
  Time since last request: 6.126004 seconds.
  path: Assets/IKEA/Objects/Prefabs/Pizza.prefab
  artifactKey: Guid(eee55048d940d244b85625d2376d4758) Importer(815301076,1909f56bfc062723c751e8b465ee728b)
Start importing Assets/IKEA/Objects/Prefabs/Pizza.prefab using Guid(eee55048d940d244b85625d2376d4758) Importer(815301076,1909f56bfc062723c751e8b465ee728b)  -> (artifact id: 'd921da8a651eca820e47c3e9c2347104') in 0.039857 seconds 
========================================================================
Received Import Request.
  Time since last request: 3.781496 seconds.
  path: Assets/IKEA/Objects/Prefabs/Pizza.prefab
  artifactKey: Guid(eee55048d940d244b85625d2376d4758) Importer(815301076,1909f56bfc062723c751e8b465ee728b)
Start importing Assets/IKEA/Objects/Prefabs/Pizza.prefab using Guid(eee55048d940d244b85625d2376d4758) Importer(815301076,1909f56bfc062723c751e8b465ee728b)  -> (artifact id: 'dfe1444f1ef7194f015b2562aef01565') in 0.037322 seconds 
========================================================================
Received Import Request.
  Time since last request: 5.579351 seconds.
  path: Assets/IKEA/Objects/Prefabs/Pizza.prefab
  artifactKey: Guid(eee55048d940d244b85625d2376d4758) Importer(815301076,1909f56bfc062723c751e8b465ee728b)
Start importing Assets/IKEA/Objects/Prefabs/Pizza.prefab using Guid(eee55048d940d244b85625d2376d4758) Importer(815301076,1909f56bfc062723c751e8b465ee728b)  -> (artifact id: '71704f8398501b3c665220f1f880feb6') in 0.036415 seconds 
========================================================================
Received Import Request.
  Time since last request: 10.440721 seconds.
  path: Assets/IKEA/Objects/Prefabs/Pizza.prefab
  artifactKey: Guid(eee55048d940d244b85625d2376d4758) Importer(815301076,1909f56bfc062723c751e8b465ee728b)
Start importing Assets/IKEA/Objects/Prefabs/Pizza.prefab using Guid(eee55048d940d244b85625d2376d4758) Importer(815301076,1909f56bfc062723c751e8b465ee728b)  -> (artifact id: 'e1446c8151ae09cccd30eff7ef0b8c48') in 0.037493 seconds 
========================================================================
Received Import Request.
  Time since last request: 5.020893 seconds.
  path: Assets/IKEA/Objects/Prefabs/Pizza.prefab
  artifactKey: Guid(eee55048d940d244b85625d2376d4758) Importer(815301076,1909f56bfc062723c751e8b465ee728b)
Start importing Assets/IKEA/Objects/Prefabs/Pizza.prefab using Guid(eee55048d940d244b85625d2376d4758) Importer(815301076,1909f56bfc062723c751e8b465ee728b)  -> (artifact id: 'bc126f06307a86386f0865d0e3614aa8') in 0.053167 seconds 
========================================================================
Received Import Request.
  Time since last request: 5.765105 seconds.
  path: Assets/IKEA/Objects/Prefabs/Pizza.prefab
  artifactKey: Guid(eee55048d940d244b85625d2376d4758) Importer(815301076,1909f56bfc062723c751e8b465ee728b)
Start importing Assets/IKEA/Objects/Prefabs/Pizza.prefab using Guid(eee55048d940d244b85625d2376d4758) Importer(815301076,1909f56bfc062723c751e8b465ee728b)  -> (artifact id: '919fa5ee343e2b8237ee89956886ee0c') in 0.035114 seconds 
========================================================================
Received Import Request.
  Time since last request: 10.305971 seconds.
  path: Assets/IKEA/Objects/Prefabs/Pizza.prefab
  artifactKey: Guid(eee55048d940d244b85625d2376d4758) Importer(815301076,1909f56bfc062723c751e8b465ee728b)
Start importing Assets/IKEA/Objects/Prefabs/Pizza.prefab using Guid(eee55048d940d244b85625d2376d4758) Importer(815301076,1909f56bfc062723c751e8b465ee728b)  -> (artifact id: '7c97d538042bba5dbf605b36b7219f2f') in 0.038644 seconds 
========================================================================
Received Import Request.
  Time since last request: 9.191631 seconds.
  path: Assets/IKEA/Objects/Prefabs/Pizza.prefab
  artifactKey: Guid(eee55048d940d244b85625d2376d4758) Importer(815301076,1909f56bfc062723c751e8b465ee728b)
Start importing Assets/IKEA/Objects/Prefabs/Pizza.prefab using Guid(eee55048d940d244b85625d2376d4758) Importer(815301076,1909f56bfc062723c751e8b465ee728b)  -> (artifact id: '938acf0f141038b1adc2724f123cf476') in 0.039874 seconds 
========================================================================
Received Import Request.
  Time since last request: 2.197728 seconds.
  path: Assets/IKEA/Objects/Prefabs/Pizza.prefab
  artifactKey: Guid(eee55048d940d244b85625d2376d4758) Importer(815301076,1909f56bfc062723c751e8b465ee728b)
Start importing Assets/IKEA/Objects/Prefabs/Pizza.prefab using Guid(eee55048d940d244b85625d2376d4758) Importer(815301076,1909f56bfc062723c751e8b465ee728b)  -> (artifact id: '2932f43afee184b265a6d020b4e4ebe5') in 0.040283 seconds 
========================================================================
Received Import Request.
  Time since last request: 3.997493 seconds.
  path: Assets/IKEA/Objects/Prefabs/Pizza.prefab
  artifactKey: Guid(eee55048d940d244b85625d2376d4758) Importer(815301076,1909f56bfc062723c751e8b465ee728b)
Start importing Assets/IKEA/Objects/Prefabs/Pizza.prefab using Guid(eee55048d940d244b85625d2376d4758) Importer(815301076,1909f56bfc062723c751e8b465ee728b)  -> (artifact id: '011ca671c88fae4356cc1eb47f0e6ad3') in 0.051993 seconds 
========================================================================
Received Import Request.
  Time since last request: 4.767964 seconds.
  path: Assets/IKEA/Objects/Prefabs/Pizza.prefab
  artifactKey: Guid(eee55048d940d244b85625d2376d4758) Importer(815301076,1909f56bfc062723c751e8b465ee728b)
Start importing Assets/IKEA/Objects/Prefabs/Pizza.prefab using Guid(eee55048d940d244b85625d2376d4758) Importer(815301076,1909f56bfc062723c751e8b465ee728b)  -> (artifact id: '5629b80a22ff37b69e0df64ec255616b') in 0.035671 seconds 
========================================================================
Received Import Request.
  Time since last request: 6.543316 seconds.
  path: Assets/IKEA/Objects/Prefabs/Pizza.prefab
  artifactKey: Guid(eee55048d940d244b85625d2376d4758) Importer(815301076,1909f56bfc062723c751e8b465ee728b)
Start importing Assets/IKEA/Objects/Prefabs/Pizza.prefab using Guid(eee55048d940d244b85625d2376d4758) Importer(815301076,1909f56bfc062723c751e8b465ee728b)  -> (artifact id: 'be222eb642362afb8b48051d6dd817f9') in 0.052741 seconds 
========================================================================
Received Import Request.
  Time since last request: 8.411993 seconds.
  path: Assets/IKEA/Objects/Prefabs/Pizza.prefab
  artifactKey: Guid(eee55048d940d244b85625d2376d4758) Importer(815301076,1909f56bfc062723c751e8b465ee728b)
Start importing Assets/IKEA/Objects/Prefabs/Pizza.prefab using Guid(eee55048d940d244b85625d2376d4758) Importer(815301076,1909f56bfc062723c751e8b465ee728b)  -> (artifact id: '61a1a74cec05605c3cf640e4c988b1e1') in 0.039063 seconds 
========================================================================
Received Import Request.
  Time since last request: 10.061188 seconds.
  path: Assets/IKEA/Objects/Prefabs/Pizza.prefab
  artifactKey: Guid(eee55048d940d244b85625d2376d4758) Importer(815301076,1909f56bfc062723c751e8b465ee728b)
Start importing Assets/IKEA/Objects/Prefabs/Pizza.prefab using Guid(eee55048d940d244b85625d2376d4758) Importer(815301076,1909f56bfc062723c751e8b465ee728b)  -> (artifact id: '773b96619140327499320bdb017e7beb') in 0.041228 seconds 
========================================================================
Received Import Request.
  Time since last request: 13.233347 seconds.
  path: Assets/IKEA/Objects/Prefabs/Pizza.prefab
  artifactKey: Guid(eee55048d940d244b85625d2376d4758) Importer(815301076,1909f56bfc062723c751e8b465ee728b)
Start importing Assets/IKEA/Objects/Prefabs/Pizza.prefab using Guid(eee55048d940d244b85625d2376d4758) Importer(815301076,1909f56bfc062723c751e8b465ee728b)  -> (artifact id: '5372d9ff0d77137d93ba22ca948b7284') in 0.051757 seconds 
========================================================================
Received Import Request.
  Time since last request: 2.166390 seconds.
  path: Assets/IKEA/Objects/Prefabs/Pizza.prefab
  artifactKey: Guid(eee55048d940d244b85625d2376d4758) Importer(815301076,1909f56bfc062723c751e8b465ee728b)
Start importing Assets/IKEA/Objects/Prefabs/Pizza.prefab using Guid(eee55048d940d244b85625d2376d4758) Importer(815301076,1909f56bfc062723c751e8b465ee728b)  -> (artifact id: 'b5e35612aaf4323df2e06f03b743f89b') in 0.036102 seconds 
========================================================================
Received Import Request.
  Time since last request: 5.994575 seconds.
  path: Assets/IKEA/Objects/Prefabs/Pizza.prefab
  artifactKey: Guid(eee55048d940d244b85625d2376d4758) Importer(815301076,1909f56bfc062723c751e8b465ee728b)
Start importing Assets/IKEA/Objects/Prefabs/Pizza.prefab using Guid(eee55048d940d244b85625d2376d4758) Importer(815301076,1909f56bfc062723c751e8b465ee728b)  -> (artifact id: 'd802d331dfb92a86fe33d5696cf23c0c') in 0.038466 seconds 
========================================================================
Received Import Request.
  Time since last request: 7.600018 seconds.
  path: Assets/IKEA/Objects/Prefabs/Pizza.prefab
  artifactKey: Guid(eee55048d940d244b85625d2376d4758) Importer(815301076,1909f56bfc062723c751e8b465ee728b)
Start importing Assets/IKEA/Objects/Prefabs/Pizza.prefab using Guid(eee55048d940d244b85625d2376d4758) Importer(815301076,1909f56bfc062723c751e8b465ee728b)  -> (artifact id: '7baeb973e9da1d5afe38a6ebceb7a4c7') in 0.037240 seconds 
========================================================================
Received Import Request.
  Time since last request: 3.381608 seconds.
  path: Assets/IKEA/Objects/Prefabs/Pizza.prefab
  artifactKey: Guid(eee55048d940d244b85625d2376d4758) Importer(815301076,1909f56bfc062723c751e8b465ee728b)
Start importing Assets/IKEA/Objects/Prefabs/Pizza.prefab using Guid(eee55048d940d244b85625d2376d4758) Importer(815301076,1909f56bfc062723c751e8b465ee728b)  -> (artifact id: '200fda0760a974822adcfa0923639da0') in 0.051544 seconds 
========================================================================
Received Import Request.
  Time since last request: 21.294330 seconds.
  path: Assets/IKEA/Objects/Prefabs/Pizza.prefab
  artifactKey: Guid(eee55048d940d244b85625d2376d4758) Importer(815301076,1909f56bfc062723c751e8b465ee728b)
Start importing Assets/IKEA/Objects/Prefabs/Pizza.prefab using Guid(eee55048d940d244b85625d2376d4758) Importer(815301076,1909f56bfc062723c751e8b465ee728b)  -> (artifact id: 'f4f24a3b5e47d3b9b91e84ba60203f1e') in 0.051856 seconds 
========================================================================
Received Import Request.
  Time since last request: 17.707678 seconds.
  path: Assets/IKEA/Objects/Prefabs/Pizza.prefab
  artifactKey: Guid(eee55048d940d244b85625d2376d4758) Importer(815301076,1909f56bfc062723c751e8b465ee728b)
Start importing Assets/IKEA/Objects/Prefabs/Pizza.prefab using Guid(eee55048d940d244b85625d2376d4758) Importer(815301076,1909f56bfc062723c751e8b465ee728b)  -> (artifact id: 'a50ef34c3f91a731a0ac10ecacbf788f') in 0.036092 seconds 
========================================================================
Received Import Request.
  Time since last request: 23.667880 seconds.
  path: Assets/IKEA/Objects/Prefabs/Pizza.prefab
  artifactKey: Guid(eee55048d940d244b85625d2376d4758) Importer(815301076,1909f56bfc062723c751e8b465ee728b)
Start importing Assets/IKEA/Objects/Prefabs/Pizza.prefab using Guid(eee55048d940d244b85625d2376d4758) Importer(815301076,1909f56bfc062723c751e8b465ee728b)  -> (artifact id: 'c4e915c2cec136e096226680c763df26') in 0.050736 seconds 
========================================================================
Received Prepare
Registering precompiled user dll's ...
Registered in 0.006234 seconds.
Begin MonoManager ReloadAssembly
Symbol file LoadedFromMemory doesn't match image C:\Users\Polina\Documents\GitHub\IKEA\IKEA\Library\PackageCache\com.unity.visualscripting@1.7.8\Editor\VisualScripting.Core\Dependencies\YamlDotNet\Unity.VisualScripting.YamlDotNet.dll
Symbol file LoadedFromMemory doesn't match image C:\Users\Polina\Documents\GitHub\IKEA\IKEA\Library\PackageCache\com.unity.visualscripting@1.7.8\Editor\VisualScripting.Core\Dependencies\DotNetZip\Unity.VisualScripting.IonicZip.dll
Native extension for WindowsStandalone target not found
Native extension for Android target not found
Refreshing native plugins compatible for Editor in 0.60 ms, found 3 plugins.
Preloading 0 native plugins for Editor in 0.00 ms.
Mono: successfully reloaded assembly
- Completed reload, in  1.217 seconds
Domain Reload Profiling:
	ReloadAssembly (1218ms)
		BeginReloadAssembly (162ms)
			ExecutionOrderSort (0ms)
			DisableScriptedObjects (5ms)
			BackupInstance (0ms)
			ReleaseScriptingObjects (0ms)
			CreateAndSetChildDomain (41ms)
		EndReloadAssembly (938ms)
			LoadAssemblies (110ms)
			RebuildTransferFunctionScriptingTraits (0ms)
			SetupTypeCache (302ms)
			ReleaseScriptCaches (1ms)
			RebuildScriptCaches (45ms)
			SetupLoadedEditorAssemblies (434ms)
				LogAssemblyErrors (0ms)
				InitializePlatformSupportModulesInManaged (26ms)
				SetLoadedEditorAssemblies (1ms)
				RefreshPlugins (1ms)
				BeforeProcessingInitializeOnLoad (72ms)
				ProcessInitializeOnLoadAttributes (297ms)
				ProcessInitializeOnLoadMethodAttributes (29ms)
				AfterProcessingInitializeOnLoad (8ms)
				EditorAssembliesLoaded (0ms)
			ExecutionOrderSort2 (0ms)
			AwakeInstancesAfterBackupRestoration (7ms)
Platform modules already initialized, skipping
Refreshing native plugins compatible for Editor in 2.61 ms, found 3 plugins.
Preloading 0 native plugins for Editor in 0.00 ms.
Unloading 3708 Unused Serialized files (Serialized files now loaded: 0)
Unloading 21 unused Assets / (79.9 KB). Loaded Objects now: 4224.
Memory consumption went from 136.0 MB to 135.9 MB.
Total: 3.006900 ms (FindLiveObjects: 0.266300 ms CreateObjectMapping: 0.088700 ms MarkObjects: 2.559400 ms  DeleteObjects: 0.091500 ms)

AssetImportParameters requested are different than current active one (requested -> active):
  custom:video-decoder-ogg-theora: a1e56fd34408186e4bbccfd4996cb3dc -> 
  custom:container-muxer-webm: aa71ff27fc2769a1b78a27578f13a17b -> 
  custom:container-demuxer-webm: 4f35f7cbe854078d1ac9338744f61a02 -> 
  custom:video-encoder-webm-vp8: eb34c28f22e8b96e1ab97ce403110664 -> 
  custom:audio-encoder-webm-vorbis: bf7c407c2cedff20999df2af8eb42d56 -> 
  custom:framework-win-MediaFoundation: 216162199b28c13a410421893ffa2e32 -> 
  custom:container-demuxer-ogg: 62fdf1f143b41e24485cea50d1cbac27 -> 
  custom:video-decoder-webm-vp8: 9c59270c3fd7afecdb556c50c9e8de78 -> 
  custom:audio-decoder-ogg-vorbis: bf7c407c2cedff20999df2af8eb42d56 -> 
========================================================================
Received Import Request.
  Time since last request: 29.864886 seconds.
  path: Assets/IKEA/Objects/Prefabs/Challah.prefab
  artifactKey: Guid(0f62039977c5fa346940322a19129eae) Importer(815301076,1909f56bfc062723c751e8b465ee728b)
Start importing Assets/IKEA/Objects/Prefabs/Challah.prefab using Guid(0f62039977c5fa346940322a19129eae) Importer(815301076,1909f56bfc062723c751e8b465ee728b)  -> (artifact id: '7a49a132b34c4c1d01f3becc1c86c181') in 0.114702 seconds 
========================================================================
Received Prepare
Registering precompiled user dll's ...
Registered in 0.006883 seconds.
Begin MonoManager ReloadAssembly
Symbol file LoadedFromMemory doesn't match image C:\Users\Polina\Documents\GitHub\IKEA\IKEA\Library\PackageCache\com.unity.visualscripting@1.7.8\Editor\VisualScripting.Core\Dependencies\YamlDotNet\Unity.VisualScripting.YamlDotNet.dll
Symbol file LoadedFromMemory doesn't match image C:\Users\Polina\Documents\GitHub\IKEA\IKEA\Library\PackageCache\com.unity.visualscripting@1.7.8\Editor\VisualScripting.Core\Dependencies\DotNetZip\Unity.VisualScripting.IonicZip.dll
Native extension for WindowsStandalone target not found
Native extension for Android target not found
Refreshing native plugins compatible for Editor in 0.80 ms, found 3 plugins.
Preloading 0 native plugins for Editor in 0.00 ms.
Mono: successfully reloaded assembly
- Completed reload, in  1.181 seconds
Domain Reload Profiling:
	ReloadAssembly (1182ms)
		BeginReloadAssembly (155ms)
			ExecutionOrderSort (0ms)
			DisableScriptedObjects (7ms)
			BackupInstance (0ms)
			ReleaseScriptingObjects (0ms)
			CreateAndSetChildDomain (39ms)
		EndReloadAssembly (918ms)
			LoadAssemblies (98ms)
			RebuildTransferFunctionScriptingTraits (0ms)
			SetupTypeCache (293ms)
			ReleaseScriptCaches (1ms)
			RebuildScriptCaches (46ms)
			SetupLoadedEditorAssemblies (429ms)
				LogAssemblyErrors (0ms)
				InitializePlatformSupportModulesInManaged (26ms)
				SetLoadedEditorAssemblies (1ms)
				RefreshPlugins (1ms)
				BeforeProcessingInitializeOnLoad (72ms)
				ProcessInitializeOnLoadAttributes (293ms)
				ProcessInitializeOnLoadMethodAttributes (28ms)
				AfterProcessingInitializeOnLoad (8ms)
				EditorAssembliesLoaded (0ms)
			ExecutionOrderSort2 (0ms)
			AwakeInstancesAfterBackupRestoration (7ms)
Platform modules already initialized, skipping
Refreshing native plugins compatible for Editor in 2.03 ms, found 3 plugins.
Preloading 0 native plugins for Editor in 0.00 ms.
Unloading 3708 Unused Serialized files (Serialized files now loaded: 0)
Unloading 21 unused Assets / (79.9 KB). Loaded Objects now: 4227.
Memory consumption went from 136.0 MB to 135.9 MB.
Total: 3.097700 ms (FindLiveObjects: 0.252500 ms CreateObjectMapping: 0.094000 ms MarkObjects: 2.644500 ms  DeleteObjects: 0.105800 ms)

AssetImportParameters requested are different than current active one (requested -> active):
  custom:video-decoder-ogg-theora: a1e56fd34408186e4bbccfd4996cb3dc -> 
  custom:container-muxer-webm: aa71ff27fc2769a1b78a27578f13a17b -> 
  custom:container-demuxer-webm: 4f35f7cbe854078d1ac9338744f61a02 -> 
  custom:video-encoder-webm-vp8: eb34c28f22e8b96e1ab97ce403110664 -> 
  custom:audio-encoder-webm-vorbis: bf7c407c2cedff20999df2af8eb42d56 -> 
  custom:framework-win-MediaFoundation: 216162199b28c13a410421893ffa2e32 -> 
  custom:container-demuxer-ogg: 62fdf1f143b41e24485cea50d1cbac27 -> 
  custom:video-decoder-webm-vp8: 9c59270c3fd7afecdb556c50c9e8de78 -> 
  custom:audio-decoder-ogg-vorbis: bf7c407c2cedff20999df2af8eb42d56 -> 
========================================================================
Received Prepare
Registering precompiled user dll's ...
Registered in 0.006753 seconds.
Begin MonoManager ReloadAssembly
Symbol file LoadedFromMemory doesn't match image C:\Users\Polina\Documents\GitHub\IKEA\IKEA\Library\PackageCache\com.unity.visualscripting@1.7.8\Editor\VisualScripting.Core\Dependencies\YamlDotNet\Unity.VisualScripting.YamlDotNet.dll
Symbol file LoadedFromMemory doesn't match image C:\Users\Polina\Documents\GitHub\IKEA\IKEA\Library\PackageCache\com.unity.visualscripting@1.7.8\Editor\VisualScripting.Core\Dependencies\DotNetZip\Unity.VisualScripting.IonicZip.dll
Native extension for WindowsStandalone target not found
Native extension for Android target not found
Refreshing native plugins compatible for Editor in 0.69 ms, found 3 plugins.
Preloading 0 native plugins for Editor in 0.00 ms.
Mono: successfully reloaded assembly
- Completed reload, in  1.169 seconds
Domain Reload Profiling:
	ReloadAssembly (1170ms)
		BeginReloadAssembly (140ms)
			ExecutionOrderSort (0ms)
			DisableScriptedObjects (6ms)
			BackupInstance (0ms)
			ReleaseScriptingObjects (0ms)
			CreateAndSetChildDomain (38ms)
		EndReloadAssembly (919ms)
			LoadAssemblies (90ms)
			RebuildTransferFunctionScriptingTraits (0ms)
			SetupTypeCache (297ms)
			ReleaseScriptCaches (1ms)
			RebuildScriptCaches (44ms)
			SetupLoadedEditorAssemblies (429ms)
				LogAssemblyErrors (0ms)
				InitializePlatformSupportModulesInManaged (25ms)
				SetLoadedEditorAssemblies (1ms)
				RefreshPlugins (1ms)
				BeforeProcessingInitializeOnLoad (72ms)
				ProcessInitializeOnLoadAttributes (293ms)
				ProcessInitializeOnLoadMethodAttributes (28ms)
				AfterProcessingInitializeOnLoad (8ms)
				EditorAssembliesLoaded (0ms)
			ExecutionOrderSort2 (0ms)
			AwakeInstancesAfterBackupRestoration (7ms)
Platform modules already initialized, skipping
Refreshing native plugins compatible for Editor in 2.18 ms, found 3 plugins.
Preloading 0 native plugins for Editor in 0.00 ms.
Unloading 3708 Unused Serialized files (Serialized files now loaded: 0)
Unloading 21 unused Assets / (79.8 KB). Loaded Objects now: 4230.
Memory consumption went from 136.0 MB to 135.9 MB.
Total: 2.986300 ms (FindLiveObjects: 0.307000 ms CreateObjectMapping: 0.105000 ms MarkObjects: 2.485100 ms  DeleteObjects: 0.088400 ms)

AssetImportParameters requested are different than current active one (requested -> active):
  custom:video-decoder-ogg-theora: a1e56fd34408186e4bbccfd4996cb3dc -> 
  custom:container-muxer-webm: aa71ff27fc2769a1b78a27578f13a17b -> 
  custom:container-demuxer-webm: 4f35f7cbe854078d1ac9338744f61a02 -> 
  custom:video-encoder-webm-vp8: eb34c28f22e8b96e1ab97ce403110664 -> 
  custom:audio-encoder-webm-vorbis: bf7c407c2cedff20999df2af8eb42d56 -> 
  custom:framework-win-MediaFoundation: 216162199b28c13a410421893ffa2e32 -> 
  custom:container-demuxer-ogg: 62fdf1f143b41e24485cea50d1cbac27 -> 
  custom:video-decoder-webm-vp8: 9c59270c3fd7afecdb556c50c9e8de78 -> 
  custom:audio-decoder-ogg-vorbis: bf7c407c2cedff20999df2af8eb42d56 -> 
========================================================================
Received Import Request.
  Time since last request: 93.609008 seconds.
  path: Assets/IKEA/Objects/ScriptableObjects/Pizza.asset
  artifactKey: Guid(c1899fc359de9b0449a32e98d11ad3b0) Importer(815301076,1909f56bfc062723c751e8b465ee728b)
Start importing Assets/IKEA/Objects/ScriptableObjects/Pizza.asset using Guid(c1899fc359de9b0449a32e98d11ad3b0) Importer(815301076,1909f56bfc062723c751e8b465ee728b)  -> (artifact id: 'ffad09bbed2766405c93e3a0b5279371') in 0.017555 seconds 
========================================================================
Received Import Request.
  Time since last request: 54.363228 seconds.
  path: Assets/IKEA/Objects/Assets/sandwhich
  artifactKey: Guid(e48c35ea0825530409de2d38cbeb4256) Importer(815301076,1909f56bfc062723c751e8b465ee728b)
Start importing Assets/IKEA/Objects/Assets/sandwhich using Guid(e48c35ea0825530409de2d38cbeb4256) Importer(815301076,1909f56bfc062723c751e8b465ee728b)  -> (artifact id: '50869a2ee433c0d1fc199332817393d9') in 0.002123 seconds 
========================================================================
Received Import Request.
  Time since last request: 1.046388 seconds.
  path: Assets/IKEA/Objects/Assets/sandwhich/source
  artifactKey: Guid(1d3c8daf9a37a02479a30cc6402a05d0) Importer(815301076,1909f56bfc062723c751e8b465ee728b)
Start importing Assets/IKEA/Objects/Assets/sandwhich/source using Guid(1d3c8daf9a37a02479a30cc6402a05d0) Importer(815301076,1909f56bfc062723c751e8b465ee728b)  -> (artifact id: '816bcd9397416fcec7707174f8cae4df') in 0.001948 seconds 
========================================================================
Received Import Request.
  Time since last request: 0.784669 seconds.
  path: Assets/IKEA/Objects/Assets/sandwhich/source/foood
  artifactKey: Guid(49723ff6520d0444c909f8c0a6f20625) Importer(815301076,1909f56bfc062723c751e8b465ee728b)
Start importing Assets/IKEA/Objects/Assets/sandwhich/source/foood using Guid(49723ff6520d0444c909f8c0a6f20625) Importer(815301076,1909f56bfc062723c751e8b465ee728b)  -> (artifact id: '60f57d890fbe888dfecc0877f8df7eb2') in 0.002106 seconds 
========================================================================
Received Import Request.
  Time since last request: 0.087802 seconds.
  path: Assets/IKEA/Objects/Assets/sandwhich/source/foood/foood.obj
  artifactKey: Guid(a87478a41c662094bb83e4184cf5b7af) Importer(815301076,1909f56bfc062723c751e8b465ee728b)
Start importing Assets/IKEA/Objects/Assets/sandwhich/source/foood/foood.obj using Guid(a87478a41c662094bb83e4184cf5b7af) Importer(815301076,1909f56bfc062723c751e8b465ee728b)  -> (artifact id: 'e35e7a1512d63de604a2fca1647aba5e') in 0.173563 seconds 
========================================================================
Received Import Request.
  Time since last request: 127.285248 seconds.
  path: Assets/IKEA/Objects/Assets/sandwhich/source/foood/foood.mtl
  artifactKey: Guid(19d1c3c4fe2d462469e2b2850951df27) Importer(815301076,1909f56bfc062723c751e8b465ee728b)
Start importing Assets/IKEA/Objects/Assets/sandwhich/source/foood/foood.mtl using Guid(19d1c3c4fe2d462469e2b2850951df27) Importer(815301076,1909f56bfc062723c751e8b465ee728b)  -> (artifact id: '25fdc06a5663a9777c1f1fc947bf0c99') in 0.003714 seconds 
========================================================================
Received Import Request.
  Time since last request: 4.509087 seconds.
  path: Assets/IKEA/Objects/Assets/pizza/Materials/new_tarelka_default_color.mat
  artifactKey: Guid(743ec2912be7de148a4ff3049aea60dd) Importer(815301076,1909f56bfc062723c751e8b465ee728b)
Start importing Assets/IKEA/Objects/Assets/pizza/Materials/new_tarelka_default_color.mat using Guid(743ec2912be7de148a4ff3049aea60dd) Importer(815301076,1909f56bfc062723c751e8b465ee728b)  -> (artifact id: '8eefd4593da59782d823036fea964445') in 0.009552 seconds 
========================================================================
Received Import Request.
  Time since last request: 33.589732 seconds.
  path: Assets/IKEA/Objects/Prefabs/Pizza.prefab
  artifactKey: Guid(eee55048d940d244b85625d2376d4758) Importer(815301076,1909f56bfc062723c751e8b465ee728b)
Start importing Assets/IKEA/Objects/Prefabs/Pizza.prefab using Guid(eee55048d940d244b85625d2376d4758) Importer(815301076,1909f56bfc062723c751e8b465ee728b)  -> (artifact id: 'd623d175d6a6a3aa348e74ee4a8cece2') in 0.039580 seconds 
========================================================================
Received Import Request.
  Time since last request: 0.547396 seconds.
  path: Assets/IKEA/Objects/Prefabs/Pizza.prefab
  artifactKey: Guid(eee55048d940d244b85625d2376d4758) Importer(815301076,1909f56bfc062723c751e8b465ee728b)
Start importing Assets/IKEA/Objects/Prefabs/Pizza.prefab using Guid(eee55048d940d244b85625d2376d4758) Importer(815301076,1909f56bfc062723c751e8b465ee728b)  -> (artifact id: '3e53275173ca9701a73dc037b4507936') in 0.039546 seconds 
========================================================================
Received Import Request.
  Time since last request: 1.441314 seconds.
  path: Assets/IKEA/Objects/Prefabs/Pizza.prefab
  artifactKey: Guid(eee55048d940d244b85625d2376d4758) Importer(815301076,1909f56bfc062723c751e8b465ee728b)
Start importing Assets/IKEA/Objects/Prefabs/Pizza.prefab using Guid(eee55048d940d244b85625d2376d4758) Importer(815301076,1909f56bfc062723c751e8b465ee728b)  -> (artifact id: '8bc8dbcdf0420fa799b1167ce586dab2') in 0.018444 seconds 
========================================================================
Received Import Request.
  Time since last request: 76.736148 seconds.
  path: Assets/IKEA/Objects/Prefabs/foood.prefab
  artifactKey: Guid(a207b153298bb7348bfa3c1234c9c4bb) Importer(815301076,1909f56bfc062723c751e8b465ee728b)
Start importing Assets/IKEA/Objects/Prefabs/foood.prefab using Guid(a207b153298bb7348bfa3c1234c9c4bb) Importer(815301076,1909f56bfc062723c751e8b465ee728b)  -> (artifact id: 'fa85a2b87280893d662e786d68762d1a') in 0.052786 seconds 
========================================================================
Received Import Request.
  Time since last request: 14.218676 seconds.
  path: Assets/IKEA/Objects/Prefabs/Sandwhich.prefab
  artifactKey: Guid(a207b153298bb7348bfa3c1234c9c4bb) Importer(815301076,1909f56bfc062723c751e8b465ee728b)
Start importing Assets/IKEA/Objects/Prefabs/Sandwhich.prefab using Guid(a207b153298bb7348bfa3c1234c9c4bb) Importer(815301076,1909f56bfc062723c751e8b465ee728b)  -> (artifact id: '10f10eaed65cdad43009c2e1deef8b83') in 0.036391 seconds 
========================================================================
Received Import Request.
  Time since last request: 9.335596 seconds.
  path: Assets/IKEA/Objects/Prefabs/Sandwhich.prefab
  artifactKey: Guid(a207b153298bb7348bfa3c1234c9c4bb) Importer(815301076,1909f56bfc062723c751e8b465ee728b)
Start importing Assets/IKEA/Objects/Prefabs/Sandwhich.prefab using Guid(a207b153298bb7348bfa3c1234c9c4bb) Importer(815301076,1909f56bfc062723c751e8b465ee728b)  -> (artifact id: 'eb98f91c131199e5de2dc377e8d77da7') in 0.036286 seconds 
========================================================================
Received Import Request.
  Time since last request: 3.154216 seconds.
  path: Assets/IKEA/Objects/Prefabs/Sandwhich.prefab
  artifactKey: Guid(a207b153298bb7348bfa3c1234c9c4bb) Importer(815301076,1909f56bfc062723c751e8b465ee728b)
Start importing Assets/IKEA/Objects/Prefabs/Sandwhich.prefab using Guid(a207b153298bb7348bfa3c1234c9c4bb) Importer(815301076,1909f56bfc062723c751e8b465ee728b)  -> (artifact id: '6fdbc11808db95cb2a1ca7486a891eb4') in 0.033541 seconds 
========================================================================
Received Import Request.
  Time since last request: 3.187257 seconds.
  path: Assets/IKEA/Objects/Prefabs/Sandwhich.prefab
  artifactKey: Guid(a207b153298bb7348bfa3c1234c9c4bb) Importer(815301076,1909f56bfc062723c751e8b465ee728b)
Start importing Assets/IKEA/Objects/Prefabs/Sandwhich.prefab using Guid(a207b153298bb7348bfa3c1234c9c4bb) Importer(815301076,1909f56bfc062723c751e8b465ee728b)  -> (artifact id: '349f0a6da50972bd59650964f3eabd5d') in 0.039379 seconds 
========================================================================
Received Import Request.
  Time since last request: 5.423910 seconds.
  path: Assets/IKEA/Objects/Prefabs/Sandwhich.prefab
  artifactKey: Guid(a207b153298bb7348bfa3c1234c9c4bb) Importer(815301076,1909f56bfc062723c751e8b465ee728b)
Start importing Assets/IKEA/Objects/Prefabs/Sandwhich.prefab using Guid(a207b153298bb7348bfa3c1234c9c4bb) Importer(815301076,1909f56bfc062723c751e8b465ee728b)  -> (artifact id: '6493d9c7025bbf1681682947007e43fd') in 0.032479 seconds 
========================================================================
Received Import Request.
  Time since last request: 5.204832 seconds.
  path: Assets/IKEA/Objects/Prefabs/Sandwhich.prefab
  artifactKey: Guid(a207b153298bb7348bfa3c1234c9c4bb) Importer(815301076,1909f56bfc062723c751e8b465ee728b)
Start importing Assets/IKEA/Objects/Prefabs/Sandwhich.prefab using Guid(a207b153298bb7348bfa3c1234c9c4bb) Importer(815301076,1909f56bfc062723c751e8b465ee728b)  -> (artifact id: 'faf06ba838d40d2cd8bca1bfa4f97d72') in 0.061540 seconds 
========================================================================
Received Import Request.
  Time since last request: 1.147615 seconds.
  path: Assets/IKEA/Objects/Prefabs/Sandwhich.prefab
  artifactKey: Guid(a207b153298bb7348bfa3c1234c9c4bb) Importer(815301076,1909f56bfc062723c751e8b465ee728b)
Start importing Assets/IKEA/Objects/Prefabs/Sandwhich.prefab using Guid(a207b153298bb7348bfa3c1234c9c4bb) Importer(815301076,1909f56bfc062723c751e8b465ee728b)  -> (artifact id: 'fcf5476f9154eddb29da193f41ce57e5') in 0.033110 seconds 
========================================================================
Received Import Request.
  Time since last request: 1.782137 seconds.
  path: Assets/IKEA/Objects/Prefabs/Sandwhich.prefab
  artifactKey: Guid(a207b153298bb7348bfa3c1234c9c4bb) Importer(815301076,1909f56bfc062723c751e8b465ee728b)
Start importing Assets/IKEA/Objects/Prefabs/Sandwhich.prefab using Guid(a207b153298bb7348bfa3c1234c9c4bb) Importer(815301076,1909f56bfc062723c751e8b465ee728b)  -> (artifact id: 'a2edf49f272735c59ca8b7e6245735ae') in 0.031140 seconds 
========================================================================
Received Import Request.
  Time since last request: 0.773584 seconds.
  path: Assets/IKEA/Objects/Prefabs/Sandwhich.prefab
  artifactKey: Guid(a207b153298bb7348bfa3c1234c9c4bb) Importer(815301076,1909f56bfc062723c751e8b465ee728b)
Start importing Assets/IKEA/Objects/Prefabs/Sandwhich.prefab using Guid(a207b153298bb7348bfa3c1234c9c4bb) Importer(815301076,1909f56bfc062723c751e8b465ee728b)  -> (artifact id: '5d8e091c02744a47932d3970b11c7bce') in 0.031545 seconds 
========================================================================
Received Import Request.
  Time since last request: 2.178019 seconds.
  path: Assets/IKEA/Objects/Prefabs/Sandwhich.prefab
  artifactKey: Guid(a207b153298bb7348bfa3c1234c9c4bb) Importer(815301076,1909f56bfc062723c751e8b465ee728b)
Start importing Assets/IKEA/Objects/Prefabs/Sandwhich.prefab using Guid(a207b153298bb7348bfa3c1234c9c4bb) Importer(815301076,1909f56bfc062723c751e8b465ee728b)  -> (artifact id: '858b07dc300d23d2192177e5aa12dae4') in 0.054768 seconds 
========================================================================
Received Import Request.
  Time since last request: 8.869602 seconds.
  path: Assets/IKEA/Objects/Prefabs/Sandwhich.prefab
  artifactKey: Guid(a207b153298bb7348bfa3c1234c9c4bb) Importer(815301076,1909f56bfc062723c751e8b465ee728b)
Start importing Assets/IKEA/Objects/Prefabs/Sandwhich.prefab using Guid(a207b153298bb7348bfa3c1234c9c4bb) Importer(815301076,1909f56bfc062723c751e8b465ee728b)  -> (artifact id: 'ee6f6345680146b9fdba5f2784a6a168') in 0.054612 seconds 
========================================================================
Received Import Request.
  Time since last request: 17.506708 seconds.
  path: Assets/IKEA/Objects/Prefabs/Sandwhich.prefab
  artifactKey: Guid(a207b153298bb7348bfa3c1234c9c4bb) Importer(815301076,1909f56bfc062723c751e8b465ee728b)
Start importing Assets/IKEA/Objects/Prefabs/Sandwhich.prefab using Guid(a207b153298bb7348bfa3c1234c9c4bb) Importer(815301076,1909f56bfc062723c751e8b465ee728b)  -> (artifact id: 'f6aabc2df75c6f31422744e830174eb1') in 0.031709 seconds 
========================================================================
Received Import Request.
  Time since last request: 7.208874 seconds.
  path: Assets/IKEA/Objects/Prefabs/Sandwhich.prefab
  artifactKey: Guid(a207b153298bb7348bfa3c1234c9c4bb) Importer(815301076,1909f56bfc062723c751e8b465ee728b)
Start importing Assets/IKEA/Objects/Prefabs/Sandwhich.prefab using Guid(a207b153298bb7348bfa3c1234c9c4bb) Importer(815301076,1909f56bfc062723c751e8b465ee728b)  -> (artifact id: 'd3c04f6c2b3b3ee9ec53a1f11da528ea') in 0.030590 seconds 
========================================================================
Received Import Request.
  Time since last request: 11.480345 seconds.
  path: Assets/IKEA/Objects/Prefabs/Sandwhich.prefab
  artifactKey: Guid(a207b153298bb7348bfa3c1234c9c4bb) Importer(815301076,1909f56bfc062723c751e8b465ee728b)
Start importing Assets/IKEA/Objects/Prefabs/Sandwhich.prefab using Guid(a207b153298bb7348bfa3c1234c9c4bb) Importer(815301076,1909f56bfc062723c751e8b465ee728b)  -> (artifact id: 'f789aca86e6329cb58b2d640198494af') in 0.031845 seconds 
========================================================================
Received Import Request.
  Time since last request: 15.891070 seconds.
  path: Assets/IKEA/Objects/Prefabs/Sandwhich.prefab
  artifactKey: Guid(a207b153298bb7348bfa3c1234c9c4bb) Importer(815301076,1909f56bfc062723c751e8b465ee728b)
Start importing Assets/IKEA/Objects/Prefabs/Sandwhich.prefab using Guid(a207b153298bb7348bfa3c1234c9c4bb) Importer(815301076,1909f56bfc062723c751e8b465ee728b)  -> (artifact id: 'bea10313bd509b6949ee5d60fb243a53') in 0.031598 seconds 
========================================================================
Received Import Request.
  Time since last request: 2.790285 seconds.
  path: Assets/IKEA/Objects/Prefabs/Sandwhich.prefab
  artifactKey: Guid(a207b153298bb7348bfa3c1234c9c4bb) Importer(815301076,1909f56bfc062723c751e8b465ee728b)
Start importing Assets/IKEA/Objects/Prefabs/Sandwhich.prefab using Guid(a207b153298bb7348bfa3c1234c9c4bb) Importer(815301076,1909f56bfc062723c751e8b465ee728b)  -> (artifact id: '41d92370aa4adcd50cf38fc921e2b10f') in 0.053481 seconds 
========================================================================
Received Import Request.
  Time since last request: 3.773804 seconds.
  path: Assets/IKEA/Objects/Prefabs/Sandwhich.prefab
  artifactKey: Guid(a207b153298bb7348bfa3c1234c9c4bb) Importer(815301076,1909f56bfc062723c751e8b465ee728b)
Start importing Assets/IKEA/Objects/Prefabs/Sandwhich.prefab using Guid(a207b153298bb7348bfa3c1234c9c4bb) Importer(815301076,1909f56bfc062723c751e8b465ee728b)  -> (artifact id: '48e87850ae60812bb7fda5a8c990e448') in 0.054043 seconds 
========================================================================
Received Import Request.
  Time since last request: 58.774879 seconds.
  path: Assets/IKEA/Objects/Prefabs/Sandwhich.prefab
  artifactKey: Guid(a207b153298bb7348bfa3c1234c9c4bb) Importer(815301076,1909f56bfc062723c751e8b465ee728b)
Start importing Assets/IKEA/Objects/Prefabs/Sandwhich.prefab using Guid(a207b153298bb7348bfa3c1234c9c4bb) Importer(815301076,1909f56bfc062723c751e8b465ee728b)  -> (artifact id: '8af3f70dc0d608465b75f54968bcd17b') in 0.045035 seconds 
========================================================================
Received Import Request.
  Time since last request: 8.343082 seconds.
  path: Assets/IKEA/Objects/ScriptableObjects/Sandwhich.asset
  artifactKey: Guid(68ab86ef847a0c64985405b9b687c420) Importer(815301076,1909f56bfc062723c751e8b465ee728b)
Start importing Assets/IKEA/Objects/ScriptableObjects/Sandwhich.asset using Guid(68ab86ef847a0c64985405b9b687c420) Importer(815301076,1909f56bfc062723c751e8b465ee728b)  -> (artifact id: '001bea87fb4ae788e07ab9592f63f82f') in 0.004703 seconds 
========================================================================
Received Import Request.
  Time since last request: 33.916367 seconds.
  path: Assets/IKEA/Objects/Prefabs/Sandwhich.prefab
  artifactKey: Guid(a207b153298bb7348bfa3c1234c9c4bb) Importer(815301076,1909f56bfc062723c751e8b465ee728b)
Start importing Assets/IKEA/Objects/Prefabs/Sandwhich.prefab using Guid(a207b153298bb7348bfa3c1234c9c4bb) Importer(815301076,1909f56bfc062723c751e8b465ee728b)  -> (artifact id: '1276af82da456aa986c3e4426b962066') in 0.047672 seconds 
========================================================================
Received Import Request.
  Time since last request: 57.333055 seconds.
  path: Assets/IKEA/Objects/Prefabs/Challah.prefab
  artifactKey: Guid(0f62039977c5fa346940322a19129eae) Importer(815301076,1909f56bfc062723c751e8b465ee728b)
Start importing Assets/IKEA/Objects/Prefabs/Challah.prefab using Guid(0f62039977c5fa346940322a19129eae) Importer(815301076,1909f56bfc062723c751e8b465ee728b)  -> (artifact id: '77b54c38b5197a79e374e4ffe5ff1a28') in 0.031367 seconds 
========================================================================
Received Import Request.
  Time since last request: 15.067757 seconds.
  path: Assets/IKEA/Objects/Prefabs/Pizza.prefab
  artifactKey: Guid(eee55048d940d244b85625d2376d4758) Importer(815301076,1909f56bfc062723c751e8b465ee728b)
Start importing Assets/IKEA/Objects/Prefabs/Pizza.prefab using Guid(eee55048d940d244b85625d2376d4758) Importer(815301076,1909f56bfc062723c751e8b465ee728b)  -> (artifact id: '5e832c2949eec4d08aeb2f0fa4b5d51b') in 0.036877 seconds 
========================================================================
Received Import Request.
  Time since last request: 3.883127 seconds.
  path: Assets/IKEA/Objects/ScriptableObjects/Pizza.asset
  artifactKey: Guid(c1899fc359de9b0449a32e98d11ad3b0) Importer(815301076,1909f56bfc062723c751e8b465ee728b)
Start importing Assets/IKEA/Objects/ScriptableObjects/Pizza.asset using Guid(c1899fc359de9b0449a32e98d11ad3b0) Importer(815301076,1909f56bfc062723c751e8b465ee728b)  -> (artifact id: 'e3ff8250e8f24e7ae46fba7550cecdb0') in 0.004527 seconds 
========================================================================
Received Prepare
Registering precompiled user dll's ...
Registered in 0.005878 seconds.
Begin MonoManager ReloadAssembly
Symbol file LoadedFromMemory doesn't match image C:\Users\Polina\Documents\GitHub\IKEA\IKEA\Library\PackageCache\com.unity.visualscripting@1.7.8\Editor\VisualScripting.Core\Dependencies\YamlDotNet\Unity.VisualScripting.YamlDotNet.dll
Symbol file LoadedFromMemory doesn't match image C:\Users\Polina\Documents\GitHub\IKEA\IKEA\Library\PackageCache\com.unity.visualscripting@1.7.8\Editor\VisualScripting.Core\Dependencies\DotNetZip\Unity.VisualScripting.IonicZip.dll
Native extension for WindowsStandalone target not found
Native extension for Android target not found
Refreshing native plugins compatible for Editor in 0.71 ms, found 3 plugins.
Preloading 0 native plugins for Editor in 0.00 ms.
Mono: successfully reloaded assembly
- Completed reload, in  1.178 seconds
Domain Reload Profiling:
	ReloadAssembly (1179ms)
		BeginReloadAssembly (153ms)
			ExecutionOrderSort (0ms)
			DisableScriptedObjects (5ms)
			BackupInstance (0ms)
			ReleaseScriptingObjects (0ms)
			CreateAndSetChildDomain (39ms)
		EndReloadAssembly (914ms)
			LoadAssemblies (100ms)
			RebuildTransferFunctionScriptingTraits (0ms)
			SetupTypeCache (286ms)
			ReleaseScriptCaches (1ms)
			RebuildScriptCaches (44ms)
			SetupLoadedEditorAssemblies (435ms)
				LogAssemblyErrors (0ms)
				InitializePlatformSupportModulesInManaged (25ms)
				SetLoadedEditorAssemblies (1ms)
				RefreshPlugins (1ms)
				BeforeProcessingInitializeOnLoad (73ms)
				ProcessInitializeOnLoadAttributes (298ms)
				ProcessInitializeOnLoadMethodAttributes (28ms)
				AfterProcessingInitializeOnLoad (8ms)
				EditorAssembliesLoaded (0ms)
			ExecutionOrderSort2 (0ms)
			AwakeInstancesAfterBackupRestoration (7ms)
Platform modules already initialized, skipping
Refreshing native plugins compatible for Editor in 2.54 ms, found 3 plugins.
Preloading 0 native plugins for Editor in 0.00 ms.
Unloading 3708 Unused Serialized files (Serialized files now loaded: 0)
Unloading 21 unused Assets / (79.9 KB). Loaded Objects now: 4233.
Memory consumption went from 136.1 MB to 136.0 MB.
Total: 2.835700 ms (FindLiveObjects: 0.262300 ms CreateObjectMapping: 0.085400 ms MarkObjects: 2.391900 ms  DeleteObjects: 0.095000 ms)

AssetImportParameters requested are different than current active one (requested -> active):
  custom:video-decoder-ogg-theora: a1e56fd34408186e4bbccfd4996cb3dc -> 
  custom:container-muxer-webm: aa71ff27fc2769a1b78a27578f13a17b -> 
  custom:container-demuxer-webm: 4f35f7cbe854078d1ac9338744f61a02 -> 
  custom:video-encoder-webm-vp8: eb34c28f22e8b96e1ab97ce403110664 -> 
  custom:audio-encoder-webm-vorbis: bf7c407c2cedff20999df2af8eb42d56 -> 
  custom:framework-win-MediaFoundation: 216162199b28c13a410421893ffa2e32 -> 
  custom:container-demuxer-ogg: 62fdf1f143b41e24485cea50d1cbac27 -> 
  custom:video-decoder-webm-vp8: 9c59270c3fd7afecdb556c50c9e8de78 -> 
  custom:audio-decoder-ogg-vorbis: bf7c407c2cedff20999df2af8eb42d56 -> 
========================================================================
Received Prepare
Registering precompiled user dll's ...
Registered in 0.006269 seconds.
Begin MonoManager ReloadAssembly
Symbol file LoadedFromMemory doesn't match image C:\Users\Polina\Documents\GitHub\IKEA\IKEA\Library\PackageCache\com.unity.visualscripting@1.7.8\Editor\VisualScripting.Core\Dependencies\YamlDotNet\Unity.VisualScripting.YamlDotNet.dll
Symbol file LoadedFromMemory doesn't match image C:\Users\Polina\Documents\GitHub\IKEA\IKEA\Library\PackageCache\com.unity.visualscripting@1.7.8\Editor\VisualScripting.Core\Dependencies\DotNetZip\Unity.VisualScripting.IonicZip.dll
Native extension for WindowsStandalone target not found
Native extension for Android target not found
Refreshing native plugins compatible for Editor in 0.75 ms, found 3 plugins.
Preloading 0 native plugins for Editor in 0.00 ms.
Mono: successfully reloaded assembly
- Completed reload, in  1.185 seconds
Domain Reload Profiling:
	ReloadAssembly (1186ms)
		BeginReloadAssembly (152ms)
			ExecutionOrderSort (0ms)
			DisableScriptedObjects (6ms)
			BackupInstance (0ms)
			ReleaseScriptingObjects (0ms)
			CreateAndSetChildDomain (36ms)
		EndReloadAssembly (922ms)
			LoadAssemblies (104ms)
			RebuildTransferFunctionScriptingTraits (0ms)
			SetupTypeCache (291ms)
			ReleaseScriptCaches (1ms)
			RebuildScriptCaches (44ms)
			SetupLoadedEditorAssemblies (434ms)
				LogAssemblyErrors (0ms)
				InitializePlatformSupportModulesInManaged (26ms)
				SetLoadedEditorAssemblies (1ms)
				RefreshPlugins (1ms)
				BeforeProcessingInitializeOnLoad (73ms)
				ProcessInitializeOnLoadAttributes (296ms)
				ProcessInitializeOnLoadMethodAttributes (29ms)
				AfterProcessingInitializeOnLoad (9ms)
				EditorAssembliesLoaded (0ms)
			ExecutionOrderSort2 (0ms)
			AwakeInstancesAfterBackupRestoration (7ms)
Platform modules already initialized, skipping
Refreshing native plugins compatible for Editor in 2.21 ms, found 3 plugins.
Preloading 0 native plugins for Editor in 0.00 ms.
Unloading 3708 Unused Serialized files (Serialized files now loaded: 0)
Unloading 21 unused Assets / (79.8 KB). Loaded Objects now: 4236.
Memory consumption went from 136.1 MB to 136.1 MB.
Total: 2.955500 ms (FindLiveObjects: 0.259600 ms CreateObjectMapping: 0.091400 ms MarkObjects: 2.509200 ms  DeleteObjects: 0.094400 ms)

AssetImportParameters requested are different than current active one (requested -> active):
  custom:video-decoder-ogg-theora: a1e56fd34408186e4bbccfd4996cb3dc -> 
  custom:container-muxer-webm: aa71ff27fc2769a1b78a27578f13a17b -> 
  custom:container-demuxer-webm: 4f35f7cbe854078d1ac9338744f61a02 -> 
  custom:video-encoder-webm-vp8: eb34c28f22e8b96e1ab97ce403110664 -> 
  custom:audio-encoder-webm-vorbis: bf7c407c2cedff20999df2af8eb42d56 -> 
  custom:framework-win-MediaFoundation: 216162199b28c13a410421893ffa2e32 -> 
  custom:container-demuxer-ogg: 62fdf1f143b41e24485cea50d1cbac27 -> 
  custom:video-decoder-webm-vp8: 9c59270c3fd7afecdb556c50c9e8de78 -> 
  custom:audio-decoder-ogg-vorbis: bf7c407c2cedff20999df2af8eb42d56 -> 
========================================================================
Received Import Request.
  Time since last request: 158.268604 seconds.
  path: Assets/IKEA/Objects/Assets_IKEA
  artifactKey: Guid(add04d25ae722ae43aae80ce7e2e8bf8) Importer(815301076,1909f56bfc062723c751e8b465ee728b)
Start importing Assets/IKEA/Objects/Assets_IKEA using Guid(add04d25ae722ae43aae80ce7e2e8bf8) Importer(815301076,1909f56bfc062723c751e8b465ee728b)  -> (artifact id: 'fb710bac553d3b1d35891f1ab2a54875') in 0.006737 seconds 
========================================================================
Received Import Request.
  Time since last request: 4.372423 seconds.
  path: Assets/IKEA/Objects/Prefabs/Challah.prefab
  artifactKey: Guid(0f62039977c5fa346940322a19129eae) Importer(815301076,1909f56bfc062723c751e8b465ee728b)
Start importing Assets/IKEA/Objects/Prefabs/Challah.prefab using Guid(0f62039977c5fa346940322a19129eae) Importer(815301076,1909f56bfc062723c751e8b465ee728b)  -> (artifact id: '6d53d220656cd8766039de1314cce35d') in 0.089139 seconds 
========================================================================
Received Import Request.
  Time since last request: 14.812721 seconds.
  path: Assets/IKEA/Objects/Assets_IKEA/challah/source/Challah_2/Challah2.obj
  artifactKey: Guid(c63562c6f653ca24c8dcefcf1713d11c) Importer(815301076,1909f56bfc062723c751e8b465ee728b)
Start importing Assets/IKEA/Objects/Assets_IKEA/challah/source/Challah_2/Challah2.obj using Guid(c63562c6f653ca24c8dcefcf1713d11c) Importer(815301076,1909f56bfc062723c751e8b465ee728b)  -> (artifact id: 'aa01ef8ddce4900515922eb06dc9efe8') in 0.120189 seconds 
========================================================================
Received Import Request.
  Time since last request: 13.664180 seconds.
  path: Assets/IKEA/Objects/Assets_IKEA/sandwhich/source/foood/foood.obj
  artifactKey: Guid(a87478a41c662094bb83e4184cf5b7af) Importer(815301076,1909f56bfc062723c751e8b465ee728b)
Start importing Assets/IKEA/Objects/Assets_IKEA/sandwhich/source/foood/foood.obj using Guid(a87478a41c662094bb83e4184cf5b7af) Importer(815301076,1909f56bfc062723c751e8b465ee728b)  -> (artifact id: 'f84703b4de3a57cb157b14f994658f95') in 0.091145 seconds 
